# JRE version: OpenJDK Runtime Environment Microsoft-8297089 (17.0.8.1+1) (build 17.0.8.1+1-LTS)
# Java VM: OpenJDK 64-Bit Server VM Microsoft-8297089 (17.0.8.1+1-LTS, mixed mode, sharing, tiered, compressed oops, compressed class ptrs, g1 gc, windows-amd64)
GC Precious Log:
 CPUs: 8 total, 8 available
 Memory: 5877M
 Large Page Support: Disabled
 NUMA Support: Disabled
 Compressed Oops: Enabled (Zero based)
 Heap Region Size: 2M
 Heap Min Capacity: 8M
 Heap Initial Capacity: 92M
 Heap Max Capacity: 4G
 Pre-touch: Disabled
 Parallel Workers: 8
 Concurrent Workers: 2
 Concurrent Refinement Workers: 8
 Periodic GC: Disabled
Heap:
 garbage-first heap   total 927744K, used 644448K [0x0000000700000000, 0x0000000800000000)
  region size 2048K, 12 young (24576K), 12 survivors (24576K)
 Metaspace       used 220696K, committed 222016K, reserved 1245184K
  class space    used 28480K, committed 29184K, reserved 1048576K
GC Heap History (20 events):
Event: 123.545 GC heap after
{Heap after GC invocations=168 (full 0):
 garbage-first heap   total 927744K, used 581121K [0x0000000700000000, 0x0000000800000000)
  region size 2048K, 6 young (12288K), 6 survivors (12288K)
 Metaspace       used 220528K, committed 221888K, reserved 1245184K
  class space    used 28466K, committed 29184K, reserved 1048576K
}
Event: 124.004 GC heap before
{Heap before GC invocations=168 (full 0):
 garbage-first heap   total 927744K, used 814593K [0x0000000700000000, 0x0000000800000000)
  region size 2048K, 121 young (247808K), 6 survivors (12288K)
 Metaspace       used 220566K, committed 221952K, reserved 1245184K
  class space    used 28468K, committed 29184K, reserved 1048576K
}
Event: 124.017 GC heap after
{Heap after GC invocations=169 (full 0):
 garbage-first heap   total 927744K, used 586437K [0x0000000700000000, 0x0000000800000000)
  region size 2048K, 9 young (18432K), 9 survivors (18432K)
 Metaspace       used 220566K, committed 221952K, reserved 1245184K
  class space    used 28468K, committed 29184K, reserved 1048576K
}
Event: 124.681 GC heap before
{Heap before GC invocations=169 (full 0):
 garbage-first heap   total 927744K, used 809669K [0x0000000700000000, 0x0000000800000000)
  region size 2048K, 119 young (243712K), 9 survivors (18432K)
 Metaspace       used 220596K, committed 221952K, reserved 1245184K
  class space    used 28472K, committed 29184K, reserved 1048576K
}
Event: 124.706 GC heap after
{Heap after GC invocations=170 (full 0):
 garbage-first heap   total 927744K, used 585362K [0x0000000700000000, 0x0000000800000000)
  region size 2048K, 7 young (14336K), 7 survivors (14336K)
 Metaspace       used 220596K, committed 221952K, reserved 1245184K
  class space    used 28472K, committed 29184K, reserved 1048576K
}
Event: 125.588 GC heap before
{Heap before GC invocations=170 (full 0):
 garbage-first heap   total 927744K, used 812690K [0x0000000700000000, 0x0000000800000000)
  region size 2048K, 119 young (243712K), 7 survivors (14336K)
 Metaspace       used 220628K, committed 222016K, reserved 1245184K
  class space    used 28477K, committed 29184K, reserved 1048576K
}
Event: 125.611 GC heap after
{Heap after GC invocations=171 (full 0):
 garbage-first heap   total 927744K, used 599924K [0x0000000700000000, 0x0000000800000000)
  region size 2048K, 14 young (28672K), 14 survivors (28672K)
 Metaspace       used 220628K, committed 222016K, reserved 1245184K
  class space    used 28477K, committed 29184K, reserved 1048576K
}
Event: 126.123 GC heap before
{Heap before GC invocations=171 (full 0):
 garbage-first heap   total 927744K, used 802676K [0x0000000700000000, 0x0000000800000000)
  region size 2048K, 113 young (231424K), 14 survivors (28672K)
 Metaspace       used 220639K, committed 222016K, reserved 1245184K
  class space    used 28478K, committed 29184K, reserved 1048576K
}
Event: 126.174 GC heap after
{Heap after GC invocations=172 (full 0):
 garbage-first heap   total 927744K, used 603509K [0x0000000700000000, 0x0000000800000000)
  region size 2048K, 5 young (10240K), 5 survivors (10240K)
 Metaspace       used 220639K, committed 222016K, reserved 1245184K
  class space    used 28478K, committed 29184K, reserved 1048576K
}
Event: 126.454 GC heap before
{Heap before GC invocations=172 (full 0):
 garbage-first heap   total 927744K, used 806261K [0x0000000700000000, 0x0000000800000000)
  region size 2048K, 104 young (212992K), 5 survivors (10240K)
 Metaspace       used 220648K, committed 222016K, reserved 1245184K
  class space    used 28479K, committed 29184K, reserved 1048576K
}
Event: 126.464 GC heap after
{Heap after GC invocations=173 (full 0):
 garbage-first heap   total 927744K, used 603211K [0x0000000700000000, 0x0000000800000000)
  region size 2048K, 5 young (10240K), 5 survivors (10240K)
 Metaspace       used 220648K, committed 222016K, reserved 1245184K
  class space    used 28479K, committed 29184K, reserved 1048576K
}
Event: 126.891 GC heap before
{Heap before GC invocations=173 (full 0):
 garbage-first heap   total 927744K, used 810059K [0x0000000700000000, 0x0000000800000000)
  region size 2048K, 106 young (217088K), 5 survivors (10240K)
 Metaspace       used 220662K, committed 222016K, reserved 1245184K
  class space    used 28479K, committed 29184K, reserved 1048576K
}
Event: 126.906 GC heap after
{Heap after GC invocations=174 (full 0):
 garbage-first heap   total 927744K, used 605400K [0x0000000700000000, 0x0000000800000000)
  region size 2048K, 6 young (12288K), 6 survivors (12288K)
 Metaspace       used 220662K, committed 222016K, reserved 1245184K
  class space    used 28479K, committed 29184K, reserved 1048576K
}
Event: 127.252 GC heap before
{Heap before GC invocations=174 (full 0):
 garbage-first heap   total 927744K, used 812248K [0x0000000700000000, 0x0000000800000000)
  region size 2048K, 107 young (219136K), 6 survivors (12288K)
 Metaspace       used 220688K, committed 222016K, reserved 1245184K
  class space    used 28479K, committed 29184K, reserved 1048576K
}
Event: 127.260 GC heap after
{Heap after GC invocations=175 (full 0):
 garbage-first heap   total 927744K, used 605557K [0x0000000700000000, 0x0000000800000000)
  region size 2048K, 6 young (12288K), 6 survivors (12288K)
 Metaspace       used 220688K, committed 222016K, reserved 1245184K
  class space    used 28479K, committed 29184K, reserved 1048576K
}
Event: 127.582 GC heap before
{Heap before GC invocations=175 (full 0):
 garbage-first heap   total 927744K, used 816501K [0x0000000700000000, 0x0000000800000000)
  region size 2048K, 108 young (221184K), 6 survivors (12288K)
 Metaspace       used 220689K, committed 222016K, reserved 1245184K
  class space    used 28479K, committed 29184K, reserved 1048576K
}
Event: 127.598 GC heap after
{Heap after GC invocations=176 (full 0):
 garbage-first heap   total 927744K, used 620707K [0x0000000700000000, 0x0000000800000000)
  region size 2048K, 13 young (26624K), 13 survivors (26624K)
 Metaspace       used 220689K, committed 222016K, reserved 1245184K
  class space    used 28479K, committed 29184K, reserved 1048576K
}
Event: 128.019 GC heap before
{Heap before GC invocations=176 (full 0):
 garbage-first heap   total 927744K, used 802979K [0x0000000700000000, 0x0000000800000000)
  region size 2048K, 103 young (210944K), 13 survivors (26624K)
 Metaspace       used 220694K, committed 222016K, reserved 1245184K
  class space    used 28480K, committed 29184K, reserved 1048576K
}
Event: 128.055 GC heap after
{Heap after GC invocations=177 (full 0):
 garbage-first heap   total 927744K, used 629540K [0x0000000700000000, 0x0000000800000000)
  region size 2048K, 6 young (12288K), 6 survivors (12288K)
 Metaspace       used 220694K, committed 222016K, reserved 1245184K
  class space    used 28480K, committed 29184K, reserved 1048576K
}
Event: 128.384 GC heap before
{Heap before GC invocations=177 (full 0):
 garbage-first heap   total 927744K, used 801572K [0x0000000700000000, 0x0000000800000000)
  region size 2048K, 91 young (186368K), 6 survivors (12288K)
 Metaspace       used 220696K, committed 222016K, reserved 1245184K
  class space    used 28480K, committed 29184K, reserved 1048576K
}

