# JRE version: OpenJDK Runtime Environment Microsoft-8297089 (17.0.8.1+1) (build 17.0.8.1+1-LTS)
# Java VM: OpenJDK 64-Bit Server VM Microsoft-8297089 (17.0.8.1+1-LTS, mixed mode, sharing, tiered, compressed oops, compressed class ptrs, g1 gc, windows-amd64)
GC Precious Log:
 CPUs: 8 total, 8 available
 Memory: 5877M
 Large Page Support: Disabled
 NUMA Support: Disabled
 Compressed Oops: Enabled (Zero based)
 Heap Region Size: 2M
 Heap Min Capacity: 8M
 Heap Initial Capacity: 92M
 Heap Max Capacity: 4G
 Pre-touch: Disabled
 Parallel Workers: 8
 Concurrent Workers: 2
 Concurrent Refinement Workers: 8
 Periodic GC: Disabled
Heap:
 garbage-first heap   total 321536K, used 131961K [0x0000000700000000, 0x0000000800000000)
  region size 2048K, 3 young (6144K), 3 survivors (6144K)
 Metaspace       used 107463K, committed 108608K, reserved 1179648K
  class space    used 14489K, committed 15104K, reserved 1048576K
GC Heap History (20 events):
Event: 1641.310 GC heap after
{Heap after GC invocations=59 (full 0):
 garbage-first heap   total 714752K, used 186877K [0x0000000700000000, 0x0000000800000000)
  region size 2048K, 4 young (8192K), 4 survivors (8192K)
 Metaspace       used 103173K, committed 104320K, reserved 1179648K
  class space    used 14111K, committed 14720K, reserved 1048576K
}
Event: 5242.852 GC heap before
{Heap before GC invocations=60 (full 0):
 garbage-first heap   total 714752K, used 496125K [0x0000000700000000, 0x0000000800000000)
  region size 2048K, 136 young (278528K), 4 survivors (8192K)
 Metaspace       used 103301K, committed 104448K, reserved 1179648K
  class space    used 14107K, committed 14720K, reserved 1048576K
}
Event: 5243.993 GC heap after
{Heap after GC invocations=61 (full 1):
 garbage-first heap   total 321536K, used 88199K [0x0000000700000000, 0x0000000800000000)
  region size 2048K, 0 young (0K), 0 survivors (0K)
 Metaspace       used 103301K, committed 104448K, reserved 1179648K
  class space    used 14107K, committed 14720K, reserved 1048576K
}
Event: 10969.006 GC heap before
{Heap before GC invocations=61 (full 1):
 garbage-first heap   total 321536K, used 262279K [0x0000000700000000, 0x0000000800000000)
  region size 2048K, 85 young (174080K), 0 survivors (0K)
 Metaspace       used 103639K, committed 104832K, reserved 1179648K
  class space    used 14155K, committed 14784K, reserved 1048576K
}
Event: 10969.057 GC heap after
{Heap after GC invocations=62 (full 1):
 garbage-first heap   total 321536K, used 89750K [0x0000000700000000, 0x0000000800000000)
  region size 2048K, 1 young (2048K), 1 survivors (2048K)
 Metaspace       used 103639K, committed 104832K, reserved 1179648K
  class space    used 14155K, committed 14784K, reserved 1048576K
}
Event: 12232.725 GC heap before
{Heap before GC invocations=63 (full 1):
 garbage-first heap   total 321536K, used 263830K [0x0000000700000000, 0x0000000800000000)
  region size 2048K, 87 young (178176K), 1 survivors (2048K)
 Metaspace       used 107178K, committed 108288K, reserved 1179648K
  class space    used 14472K, committed 15040K, reserved 1048576K
}
Event: 12233.038 GC heap after
{Heap after GC invocations=64 (full 1):
 garbage-first heap   total 321536K, used 95109K [0x0000000700000000, 0x0000000800000000)
  region size 2048K, 4 young (8192K), 4 survivors (8192K)
 Metaspace       used 107178K, committed 108288K, reserved 1179648K
  class space    used 14472K, committed 15040K, reserved 1048576K
}
Event: 12234.411 GC heap before
{Heap before GC invocations=64 (full 1):
 garbage-first heap   total 321536K, used 99205K [0x0000000700000000, 0x0000000800000000)
  region size 2048K, 7 young (14336K), 4 survivors (8192K)
 Metaspace       used 107181K, committed 108288K, reserved 1179648K
  class space    used 14472K, committed 15040K, reserved 1048576K
}
Event: 12234.473 GC heap after
{Heap after GC invocations=65 (full 1):
 garbage-first heap   total 321536K, used 96126K [0x0000000700000000, 0x0000000800000000)
  region size 2048K, 1 young (2048K), 1 survivors (2048K)
 Metaspace       used 107181K, committed 108288K, reserved 1179648K
  class space    used 14472K, committed 15040K, reserved 1048576K
}
Event: 12921.041 GC heap before
{Heap before GC invocations=65 (full 1):
 garbage-first heap   total 321536K, used 264062K [0x0000000700000000, 0x0000000800000000)
  region size 2048K, 84 young (172032K), 1 survivors (2048K)
 Metaspace       used 107442K, committed 108608K, reserved 1179648K
  class space    used 14489K, committed 15104K, reserved 1048576K
}
Event: 12921.744 GC heap after
{Heap after GC invocations=66 (full 1):
 garbage-first heap   total 321536K, used 106534K [0x0000000700000000, 0x0000000800000000)
  region size 2048K, 6 young (12288K), 6 survivors (12288K)
 Metaspace       used 107442K, committed 108608K, reserved 1179648K
  class space    used 14489K, committed 15104K, reserved 1048576K
}
Event: 12921.802 GC heap before
{Heap before GC invocations=66 (full 1):
 garbage-first heap   total 321536K, used 108582K [0x0000000700000000, 0x0000000800000000)
  region size 2048K, 7 young (14336K), 6 survivors (12288K)
 Metaspace       used 107443K, committed 108608K, reserved 1179648K
  class space    used 14489K, committed 15104K, reserved 1048576K
}
Event: 12922.005 GC heap after
{Heap after GC invocations=67 (full 1):
 garbage-first heap   total 321536K, used 108179K [0x0000000700000000, 0x0000000800000000)
  region size 2048K, 1 young (2048K), 1 survivors (2048K)
 Metaspace       used 107443K, committed 108608K, reserved 1179648K
  class space    used 14489K, committed 15104K, reserved 1048576K
}
Event: 12935.314 GC heap before
{Heap before GC invocations=67 (full 1):
 garbage-first heap   total 321536K, used 169619K [0x0000000700000000, 0x0000000800000000)
  region size 2048K, 32 young (65536K), 1 survivors (2048K)
 Metaspace       used 107463K, committed 108608K, reserved 1179648K
  class space    used 14489K, committed 15104K, reserved 1048576K
}
Event: 12935.366 GC heap after
{Heap after GC invocations=68 (full 1):
 garbage-first heap   total 321536K, used 120001K [0x0000000700000000, 0x0000000800000000)
  region size 2048K, 4 young (8192K), 4 survivors (8192K)
 Metaspace       used 107463K, committed 108608K, reserved 1179648K
  class space    used 14489K, committed 15104K, reserved 1048576K
}
Event: 12935.515 GC heap before
{Heap before GC invocations=69 (full 1):
 garbage-first heap   total 321536K, used 126145K [0x0000000700000000, 0x0000000800000000)
  region size 2048K, 7 young (14336K), 4 survivors (8192K)
 Metaspace       used 107463K, committed 108608K, reserved 1179648K
  class space    used 14489K, committed 15104K, reserved 1048576K
}
Event: 12935.553 GC heap after
{Heap after GC invocations=70 (full 1):
 garbage-first heap   total 321536K, used 122438K [0x0000000700000000, 0x0000000800000000)
  region size 2048K, 1 young (2048K), 1 survivors (2048K)
 Metaspace       used 107463K, committed 108608K, reserved 1179648K
  class space    used 14489K, committed 15104K, reserved 1048576K
}
Event: 12935.608 GC heap before
{Heap before GC invocations=70 (full 1):
 garbage-first heap   total 321536K, used 134726K [0x0000000700000000, 0x0000000800000000)
  region size 2048K, 7 young (14336K), 1 survivors (2048K)
 Metaspace       used 107463K, committed 108608K, reserved 1179648K
  class space    used 14489K, committed 15104K, reserved 1048576K
}
Event: 12935.628 GC heap after
{Heap after GC invocations=71 (full 1):
 garbage-first heap   total 321536K, used 124378K [0x0000000700000000, 0x0000000800000000)
  region size 2048K, 1 young (2048K), 1 survivors (2048K)
 Metaspace       used 107463K, committed 108608K, reserved 1179648K
  class space    used 14489K, committed 15104K, reserved 1048576K
}
Event: 12935.803 GC heap before
{Heap before GC invocations=71 (full 1):
 garbage-first heap   total 321536K, used 169434K [0x0000000700000000, 0x0000000800000000)
  region size 2048K, 23 young (47104K), 1 survivors (2048K)
 Metaspace       used 107463K, committed 108608K, reserved 1179648K
  class space    used 14489K, committed 15104K, reserved 1048576K
}

