# JRE version: OpenJDK Runtime Environment Microsoft-8297089 (17.0.8.1+1) (build 17.0.8.1+1-LTS)
# Java VM: OpenJDK 64-Bit Server VM Microsoft-8297089 (17.0.8.1+1-LTS, mixed mode, sharing, tiered, compressed oops, compressed class ptrs, serial gc, windows-amd64)
GC Precious Log:
 CPUs: 8 total, 8 available
 Memory: 5877M
 Large Page Support: Disabled
 NUMA Support: Disabled
 Compressed Oops: Enabled (32-bit)
 Heap Min Capacity: 8M
 Heap Initial Capacity: 92M
 Heap Max Capacity: 2G
 Pre-touch: Disabled
Heap:
 def new generation   total 48256K, used 20136K [0x0000000080000000, 0x0000000083450000, 0x00000000aaaa0000)
  eden space 42944K,  34% used [0x0000000080000000, 0x0000000080e85b68, 0x00000000829f0000)
  from space 5312K,  99% used [0x0000000082f20000, 0x0000000083444720, 0x0000000083450000)
  to   space 5312K,   0% used [0x00000000829f0000, 0x00000000829f0000, 0x0000000082f20000)
 tenured generation   total 106348K, used 63807K [0x00000000aaaa0000, 0x00000000b127b000, 0x0000000100000000)
   the space 106348K,  59% used [0x00000000aaaa0000, 0x00000000ae8efff0, 0x00000000ae8f0000, 0x00000000b127b000)
 Metaspace       used 60215K, committed 60992K, reserved 1114112K
  class space    used 8358K, committed 8768K, reserved 1048576K
GC Heap History (20 events):
Event: 25.439 GC heap before
{Heap before GC invocations=17 (full 0):
 def new generation   total 28224K, used 28223K [0x0000000080000000, 0x0000000081ea0000, 0x00000000aaaa0000)
  eden space 25088K, 100% used [0x0000000080000000, 0x0000000081880000, 0x0000000081880000)
  from space 3136K,  99% used [0x0000000081b90000, 0x0000000081e9fff8, 0x0000000081ea0000)
  to   space 3136K,   0% used [0x0000000081880000, 0x0000000081880000, 0x0000000081b90000)
 tenured generation   total 62848K, used 46087K [0x00000000aaaa0000, 0x00000000ae800000, 0x0000000100000000)
   the space 62848K,  73% used [0x00000000aaaa0000, 0x00000000ad7a1f98, 0x00000000ad7a2000, 0x00000000ae800000)
 Metaspace       used 46621K, committed 47168K, reserved 1114112K
  class space    used 6442K, committed 6720K, reserved 1048576K
}
Event: 25.459 GC heap after
{Heap after GC invocations=18 (full 0):
 def new generation   total 28224K, used 2362K [0x0000000080000000, 0x0000000081ea0000, 0x00000000aaaa0000)
  eden space 25088K,   0% used [0x0000000080000000, 0x0000000080000000, 0x0000000081880000)
  from space 3136K,  75% used [0x0000000081880000, 0x0000000081aceb20, 0x0000000081b90000)
  to   space 3136K,   0% used [0x0000000081b90000, 0x0000000081b90000, 0x0000000081ea0000)
 tenured generation   total 62848K, used 49185K [0x00000000aaaa0000, 0x00000000ae800000, 0x0000000100000000)
   the space 62848K,  78% used [0x00000000aaaa0000, 0x00000000adaa8490, 0x00000000adaa8600, 0x00000000ae800000)
 Metaspace       used 46621K, committed 47168K, reserved 1114112K
  class space    used 6442K, committed 6720K, reserved 1048576K
}
Event: 26.368 GC heap before
{Heap before GC invocations=18 (full 0):
 def new generation   total 28224K, used 27450K [0x0000000080000000, 0x0000000081ea0000, 0x00000000aaaa0000)
  eden space 25088K, 100% used [0x0000000080000000, 0x0000000081880000, 0x0000000081880000)
  from space 3136K,  75% used [0x0000000081880000, 0x0000000081aceb20, 0x0000000081b90000)
  to   space 3136K,   0% used [0x0000000081b90000, 0x0000000081b90000, 0x0000000081ea0000)
 tenured generation   total 62848K, used 49185K [0x00000000aaaa0000, 0x00000000ae800000, 0x0000000100000000)
   the space 62848K,  78% used [0x00000000aaaa0000, 0x00000000adaa8490, 0x00000000adaa8600, 0x00000000ae800000)
 Metaspace       used 48412K, committed 49024K, reserved 1114112K
  class space    used 6673K, committed 6976K, reserved 1048576K
}
Event: 26.385 GC heap after
{Heap after GC invocations=19 (full 0):
 def new generation   total 28224K, used 3135K [0x0000000080000000, 0x0000000081ea0000, 0x00000000aaaa0000)
  eden space 25088K,   0% used [0x0000000080000000, 0x0000000080000000, 0x0000000081880000)
  from space 3136K,  99% used [0x0000000081b90000, 0x0000000081e9fff8, 0x0000000081ea0000)
  to   space 3136K,   0% used [0x0000000081880000, 0x0000000081880000, 0x0000000081b90000)
 tenured generation   total 62848K, used 51661K [0x00000000aaaa0000, 0x00000000ae800000, 0x0000000100000000)
   the space 62848K,  82% used [0x00000000aaaa0000, 0x00000000add13668, 0x00000000add13800, 0x00000000ae800000)
 Metaspace       used 48412K, committed 49024K, reserved 1114112K
  class space    used 6673K, committed 6976K, reserved 1048576K
}
Event: 27.259 GC heap before
{Heap before GC invocations=19 (full 0):
 def new generation   total 28224K, used 28223K [0x0000000080000000, 0x0000000081ea0000, 0x00000000aaaa0000)
  eden space 25088K, 100% used [0x0000000080000000, 0x0000000081880000, 0x0000000081880000)
  from space 3136K,  99% used [0x0000000081b90000, 0x0000000081e9fff8, 0x0000000081ea0000)
  to   space 3136K,   0% used [0x0000000081880000, 0x0000000081880000, 0x0000000081b90000)
 tenured generation   total 62848K, used 51661K [0x00000000aaaa0000, 0x00000000ae800000, 0x0000000100000000)
   the space 62848K,  82% used [0x00000000aaaa0000, 0x00000000add13668, 0x00000000add13800, 0x00000000ae800000)
 Metaspace       used 50309K, committed 51008K, reserved 1114112K
  class space    used 6971K, committed 7360K, reserved 1048576K
}
Event: 27.278 GC heap after
{Heap after GC invocations=20 (full 0):
 def new generation   total 28224K, used 1358K [0x0000000080000000, 0x0000000081ea0000, 0x00000000aaaa0000)
  eden space 25088K,   0% used [0x0000000080000000, 0x0000000080000000, 0x0000000081880000)
  from space 3136K,  43% used [0x0000000081880000, 0x00000000819d3b68, 0x0000000081b90000)
  to   space 3136K,   0% used [0x0000000081b90000, 0x0000000081b90000, 0x0000000081ea0000)
 tenured generation   total 62848K, used 54765K [0x00000000aaaa0000, 0x00000000ae800000, 0x0000000100000000)
   the space 62848K,  87% used [0x00000000aaaa0000, 0x00000000ae01b520, 0x00000000ae01b600, 0x00000000ae800000)
 Metaspace       used 50309K, committed 51008K, reserved 1114112K
  class space    used 6971K, committed 7360K, reserved 1048576K
}
Event: 28.031 GC heap before
{Heap before GC invocations=20 (full 0):
 def new generation   total 28224K, used 26446K [0x0000000080000000, 0x0000000081ea0000, 0x00000000aaaa0000)
  eden space 25088K, 100% used [0x0000000080000000, 0x0000000081880000, 0x0000000081880000)
  from space 3136K,  43% used [0x0000000081880000, 0x00000000819d3b68, 0x0000000081b90000)
  to   space 3136K,   0% used [0x0000000081b90000, 0x0000000081b90000, 0x0000000081ea0000)
 tenured generation   total 62848K, used 54765K [0x00000000aaaa0000, 0x00000000ae800000, 0x0000000100000000)
   the space 62848K,  87% used [0x00000000aaaa0000, 0x00000000ae01b520, 0x00000000ae01b600, 0x00000000ae800000)
 Metaspace       used 51990K, committed 52800K, reserved 1114112K
  class space    used 7252K, committed 7680K, reserved 1048576K
}
Event: 28.047 GC heap after
{Heap after GC invocations=21 (full 0):
 def new generation   total 28224K, used 2887K [0x0000000080000000, 0x0000000081ea0000, 0x00000000aaaa0000)
  eden space 25088K,   0% used [0x0000000080000000, 0x0000000080000000, 0x0000000081880000)
  from space 3136K,  92% used [0x0000000081b90000, 0x0000000081e61ed0, 0x0000000081ea0000)
  to   space 3136K,   0% used [0x0000000081880000, 0x0000000081880000, 0x0000000081b90000)
 tenured generation   total 62848K, used 54765K [0x00000000aaaa0000, 0x00000000ae800000, 0x0000000100000000)
   the space 62848K,  87% used [0x00000000aaaa0000, 0x00000000ae01b520, 0x00000000ae01b600, 0x00000000ae800000)
 Metaspace       used 51990K, committed 52800K, reserved 1114112K
  class space    used 7252K, committed 7680K, reserved 1048576K
}
Event: 29.127 GC heap before
{Heap before GC invocations=21 (full 0):
 def new generation   total 28224K, used 27975K [0x0000000080000000, 0x0000000081ea0000, 0x00000000aaaa0000)
  eden space 25088K, 100% used [0x0000000080000000, 0x0000000081880000, 0x0000000081880000)
  from space 3136K,  92% used [0x0000000081b90000, 0x0000000081e61ed0, 0x0000000081ea0000)
  to   space 3136K,   0% used [0x0000000081880000, 0x0000000081880000, 0x0000000081b90000)
 tenured generation   total 62848K, used 54765K [0x00000000aaaa0000, 0x00000000ae800000, 0x0000000100000000)
   the space 62848K,  87% used [0x00000000aaaa0000, 0x00000000ae01b520, 0x00000000ae01b600, 0x00000000ae800000)
 Metaspace       used 54715K, committed 55488K, reserved 1114112K
  class space    used 7826K, committed 8192K, reserved 1048576K
}
Event: 29.159 GC heap after
{Heap after GC invocations=22 (full 0):
 def new generation   total 28224K, used 3136K [0x0000000080000000, 0x0000000081ea0000, 0x00000000aaaa0000)
  eden space 25088K,   0% used [0x0000000080000000, 0x0000000080000000, 0x0000000081880000)
  from space 3136K, 100% used [0x0000000081880000, 0x0000000081b90000, 0x0000000081b90000)
  to   space 3136K,   0% used [0x0000000081b90000, 0x0000000081b90000, 0x0000000081ea0000)
 tenured generation   total 62848K, used 57159K [0x00000000aaaa0000, 0x00000000ae800000, 0x0000000100000000)
   the space 62848K,  90% used [0x00000000aaaa0000, 0x00000000ae271c78, 0x00000000ae271e00, 0x00000000ae800000)
 Metaspace       used 54715K, committed 55488K, reserved 1114112K
  class space    used 7826K, committed 8192K, reserved 1048576K
}
Event: 29.889 GC heap before
{Heap before GC invocations=22 (full 0):
 def new generation   total 28224K, used 27980K [0x0000000080000000, 0x0000000081ea0000, 0x00000000aaaa0000)
  eden space 25088K,  99% used [0x0000000080000000, 0x00000000818432e8, 0x0000000081880000)
  from space 3136K, 100% used [0x0000000081880000, 0x0000000081b90000, 0x0000000081b90000)
  to   space 3136K,   0% used [0x0000000081b90000, 0x0000000081b90000, 0x0000000081ea0000)
 tenured generation   total 62848K, used 57159K [0x00000000aaaa0000, 0x00000000ae800000, 0x0000000100000000)
   the space 62848K,  90% used [0x00000000aaaa0000, 0x00000000ae271c78, 0x00000000ae271e00, 0x00000000ae800000)
 Metaspace       used 56683K, committed 57408K, reserved 1114112K
  class space    used 8093K, committed 8448K, reserved 1048576K
}
Event: 29.915 GC heap after
{Heap after GC invocations=23 (full 0):
 def new generation   total 28224K, used 3001K [0x0000000080000000, 0x0000000081ea0000, 0x00000000aaaa0000)
  eden space 25088K,   0% used [0x0000000080000000, 0x0000000080000000, 0x0000000081880000)
  from space 3136K,  95% used [0x0000000081b90000, 0x0000000081e7e450, 0x0000000081ea0000)
  to   space 3136K,   0% used [0x0000000081880000, 0x0000000081880000, 0x0000000081b90000)
 tenured generation   total 62848K, used 59900K [0x00000000aaaa0000, 0x00000000ae800000, 0x0000000100000000)
   the space 62848K,  95% used [0x00000000aaaa0000, 0x00000000ae51f1b8, 0x00000000ae51f200, 0x00000000ae800000)
 Metaspace       used 56683K, committed 57408K, reserved 1114112K
  class space    used 8093K, committed 8448K, reserved 1048576K
}
Event: 30.550 GC heap before
{Heap before GC invocations=23 (full 0):
 def new generation   total 28224K, used 28089K [0x0000000080000000, 0x0000000081ea0000, 0x00000000aaaa0000)
  eden space 25088K, 100% used [0x0000000080000000, 0x0000000081880000, 0x0000000081880000)
  from space 3136K,  95% used [0x0000000081b90000, 0x0000000081e7e450, 0x0000000081ea0000)
  to   space 3136K,   0% used [0x0000000081880000, 0x0000000081880000, 0x0000000081b90000)
 tenured generation   total 62848K, used 59900K [0x00000000aaaa0000, 0x00000000ae800000, 0x0000000100000000)
   the space 62848K,  95% used [0x00000000aaaa0000, 0x00000000ae51f1b8, 0x00000000ae51f200, 0x00000000ae800000)
 Metaspace       used 59063K, committed 59840K, reserved 1114112K
  class space    used 8225K, committed 8640K, reserved 1048576K
}
Event: 30.571 GC heap after
{Heap after GC invocations=24 (full 0):
 def new generation   total 28224K, used 2242K [0x0000000080000000, 0x0000000081ea0000, 0x00000000aaaa0000)
  eden space 25088K,   0% used [0x0000000080000000, 0x0000000080000000, 0x0000000081880000)
  from space 3136K,  71% used [0x0000000081880000, 0x0000000081ab0820, 0x0000000081b90000)
  to   space 3136K,   0% used [0x0000000081b90000, 0x0000000081b90000, 0x0000000081ea0000)
 tenured generation   total 62848K, used 62113K [0x00000000aaaa0000, 0x00000000ae800000, 0x0000000100000000)
   the space 62848K,  98% used [0x00000000aaaa0000, 0x00000000ae748640, 0x00000000ae748800, 0x00000000ae800000)
 Metaspace       used 59063K, committed 59840K, reserved 1114112K
  class space    used 8225K, committed 8640K, reserved 1048576K
}
Event: 31.206 GC heap before
{Heap before GC invocations=24 (full 0):
 def new generation   total 28224K, used 27330K [0x0000000080000000, 0x0000000081ea0000, 0x00000000aaaa0000)
  eden space 25088K, 100% used [0x0000000080000000, 0x0000000081880000, 0x0000000081880000)
  from space 3136K,  71% used [0x0000000081880000, 0x0000000081ab0820, 0x0000000081b90000)
  to   space 3136K,   0% used [0x0000000081b90000, 0x0000000081b90000, 0x0000000081ea0000)
 tenured generation   total 62848K, used 62113K [0x00000000aaaa0000, 0x00000000ae800000, 0x0000000100000000)
   the space 62848K,  98% used [0x00000000aaaa0000, 0x00000000ae748640, 0x00000000ae748800, 0x00000000ae800000)
 Metaspace       used 60078K, committed 60800K, reserved 1114112K
  class space    used 8340K, committed 8704K, reserved 1048576K
}
Event: 31.226 GC heap after
{Heap after GC invocations=25 (full 0):
 def new generation   total 28224K, used 3136K [0x0000000080000000, 0x0000000081ea0000, 0x00000000aaaa0000)
  eden space 25088K,   0% used [0x0000000080000000, 0x0000000080000000, 0x0000000081880000)
  from space 3136K, 100% used [0x0000000081b90000, 0x0000000081ea0000, 0x0000000081ea0000)
  to   space 3136K,   0% used [0x0000000081880000, 0x0000000081880000, 0x0000000081b90000)
 tenured generation   total 63808K, used 63762K [0x00000000aaaa0000, 0x00000000ae8f0000, 0x0000000100000000)
   the space 63808K,  99% used [0x00000000aaaa0000, 0x00000000ae8e48d0, 0x00000000ae8e4a00, 0x00000000ae8f0000)
 Metaspace       used 60078K, committed 60800K, reserved 1114112K
  class space    used 8340K, committed 8704K, reserved 1048576K
}
Event: 31.226 GC heap before
{Heap before GC invocations=25 (full 0):
 def new generation   total 28224K, used 3136K [0x0000000080000000, 0x0000000081ea0000, 0x00000000aaaa0000)
  eden space 25088K,   0% used [0x0000000080000000, 0x0000000080000000, 0x0000000081880000)
  from space 3136K, 100% used [0x0000000081b90000, 0x0000000081ea0000, 0x0000000081ea0000)
  to   space 3136K,   0% used [0x0000000081880000, 0x0000000081880000, 0x0000000081b90000)
 tenured generation   total 63808K, used 63762K [0x00000000aaaa0000, 0x00000000ae8f0000, 0x0000000100000000)
   the space 63808K,  99% used [0x00000000aaaa0000, 0x00000000ae8e48d0, 0x00000000ae8e4a00, 0x00000000ae8f0000)
 Metaspace       used 60078K, committed 60800K, reserved 1114112K
  class space    used 8340K, committed 8704K, reserved 1048576K
}
Event: 31.521 GC heap after
{Heap after GC invocations=25 (full 1):
 def new generation   total 48256K, used 1016K [0x0000000080000000, 0x0000000083450000, 0x00000000aaaa0000)
  eden space 42944K,   2% used [0x0000000080000000, 0x00000000800fe060, 0x00000000829f0000)
  from space 5312K,   0% used [0x00000000829f0000, 0x00000000829f0000, 0x0000000082f20000)
  to   space 5312K,   0% used [0x0000000082f20000, 0x0000000082f20000, 0x0000000083450000)
 tenured generation   total 106348K, used 63807K [0x00000000aaaa0000, 0x00000000b127b000, 0x0000000100000000)
   the space 106348K,  59% used [0x00000000aaaa0000, 0x00000000ae8efff0, 0x00000000ae8f0000, 0x00000000b127b000)
 Metaspace       used 60068K, committed 60800K, reserved 1114112K
  class space    used 8338K, committed 8704K, reserved 1048576K
}
Event: 32.437 GC heap before
{Heap before GC invocations=25 (full 1):
 def new generation   total 48256K, used 42944K [0x0000000080000000, 0x0000000083450000, 0x00000000aaaa0000)
  eden space 42944K, 100% used [0x0000000080000000, 0x00000000829f0000, 0x00000000829f0000)
  from space 5312K,   0% used [0x00000000829f0000, 0x00000000829f0000, 0x0000000082f20000)
  to   space 5312K,   0% used [0x0000000082f20000, 0x0000000082f20000, 0x0000000083450000)
 tenured generation   total 106348K, used 63807K [0x00000000aaaa0000, 0x00000000b127b000, 0x0000000100000000)
   the space 106348K,  59% used [0x00000000aaaa0000, 0x00000000ae8efff0, 0x00000000ae8f0000, 0x00000000b127b000)
 Metaspace       used 60187K, committed 60992K, reserved 1114112K
  class space    used 8358K, committed 8768K, reserved 1048576K
}
Event: 32.481 GC heap after
{Heap after GC invocations=26 (full 1):
 def new generation   total 48256K, used 5265K [0x0000000080000000, 0x0000000083450000, 0x00000000aaaa0000)
  eden space 42944K,   0% used [0x0000000080000000, 0x0000000080000000, 0x00000000829f0000)
  from space 5312K,  99% used [0x0000000082f20000, 0x0000000083444720, 0x0000000083450000)
  to   space 5312K,   0% used [0x00000000829f0000, 0x00000000829f0000, 0x0000000082f20000)
 tenured generation   total 106348K, used 63807K [0x00000000aaaa0000, 0x00000000b127b000, 0x0000000100000000)
   the space 106348K,  59% used [0x00000000aaaa0000, 0x00000000ae8efff0, 0x00000000ae8f0000, 0x00000000b127b000)
 Metaspace       used 60187K, committed 60992K, reserved 1114112K
  class space    used 8358K, committed 8768K, reserved 1048576K
}

