# JRE version: OpenJDK Runtime Environment Microsoft-8297089 (17.0.8.1+1) (build 17.0.8.1+1-LTS)
# Java VM: OpenJDK 64-Bit Server VM Microsoft-8297089 (17.0.8.1+1-LTS, mixed mode, sharing, tiered, compressed oops, compressed class ptrs, serial gc, windows-amd64)
GC Precious Log:
 CPUs: 8 total, 8 available
 Memory: 5877M
 Large Page Support: Disabled
 NUMA Support: Disabled
 Compressed Oops: Enabled (32-bit)
 Heap Min Capacity: 8M
 Heap Initial Capacity: 92M
 Heap Max Capacity: 1280M
 Pre-touch: Disabled
Heap:
 def new generation   total 47104K, used 12011K [0x00000000b0000000, 0x00000000b3310000, 0x00000000caaa0000)
  eden space 41920K,  17% used [0x00000000b0000000, 0x00000000b075af48, 0x00000000b28f0000)
  from space 5184K,  86% used [0x00000000b28f0000, 0x00000000b2d4ff30, 0x00000000b2e00000)
  to   space 5184K,   0% used [0x00000000b2e00000, 0x00000000b2e00000, 0x00000000b3310000)
 tenured generation   total 104112K, used 86311K [0x00000000caaa0000, 0x00000000d104c000, 0x0000000100000000)
   the space 104112K,  82% used [0x00000000caaa0000, 0x00000000cfee9fb0, 0x00000000cfeea000, 0x00000000d104c000)
 Metaspace       used 92154K, committed 92928K, reserved 1179648K
  class space    used 12865K, committed 13248K, reserved 1048576K
GC Heap History (20 events):
Event: 27.202 GC heap before
{Heap before GC invocations=31 (full 1):
 def new generation   total 47104K, used 45031K [0x00000000b0000000, 0x00000000b3310000, 0x00000000caaa0000)
  eden space 41920K,  99% used [0x00000000b0000000, 0x00000000b28e10f0, 0x00000000b28f0000)
  from space 5184K,  61% used [0x00000000b28f0000, 0x00000000b2c08cb0, 0x00000000b2e00000)
  to   space 5184K,   0% used [0x00000000b2e00000, 0x00000000b2e00000, 0x00000000b3310000)
 tenured generation   total 104112K, used 62465K [0x00000000caaa0000, 0x00000000d104c000, 0x0000000100000000)
   the space 104112K,  59% used [0x00000000caaa0000, 0x00000000ce7a0610, 0x00000000ce7a0800, 0x00000000d104c000)
 Metaspace       used 68233K, committed 68928K, reserved 1114112K
  class space    used 9564K, committed 9920K, reserved 1048576K
}
Event: 27.217 GC heap after
{Heap after GC invocations=32 (full 1):
 def new generation   total 47104K, used 4583K [0x00000000b0000000, 0x00000000b3310000, 0x00000000caaa0000)
  eden space 41920K,   0% used [0x00000000b0000000, 0x00000000b0000000, 0x00000000b28f0000)
  from space 5184K,  88% used [0x00000000b2e00000, 0x00000000b3279c20, 0x00000000b3310000)
  to   space 5184K,   0% used [0x00000000b28f0000, 0x00000000b28f0000, 0x00000000b2e00000)
 tenured generation   total 104112K, used 64269K [0x00000000caaa0000, 0x00000000d104c000, 0x0000000100000000)
   the space 104112K,  61% used [0x00000000caaa0000, 0x00000000ce9635b8, 0x00000000ce963600, 0x00000000d104c000)
 Metaspace       used 68233K, committed 68928K, reserved 1114112K
  class space    used 9564K, committed 9920K, reserved 1048576K
}
Event: 27.946 GC heap before
{Heap before GC invocations=32 (full 1):
 def new generation   total 47104K, used 46503K [0x00000000b0000000, 0x00000000b3310000, 0x00000000caaa0000)
  eden space 41920K, 100% used [0x00000000b0000000, 0x00000000b28f0000, 0x00000000b28f0000)
  from space 5184K,  88% used [0x00000000b2e00000, 0x00000000b3279c20, 0x00000000b3310000)
  to   space 5184K,   0% used [0x00000000b28f0000, 0x00000000b28f0000, 0x00000000b2e00000)
 tenured generation   total 104112K, used 64269K [0x00000000caaa0000, 0x00000000d104c000, 0x0000000100000000)
   the space 104112K,  61% used [0x00000000caaa0000, 0x00000000ce9635b8, 0x00000000ce963600, 0x00000000d104c000)
 Metaspace       used 71611K, committed 72320K, reserved 1114112K
  class space    used 9923K, committed 10304K, reserved 1048576K
}
Event: 27.957 GC heap after
{Heap after GC invocations=33 (full 1):
 def new generation   total 47104K, used 1811K [0x00000000b0000000, 0x00000000b3310000, 0x00000000caaa0000)
  eden space 41920K,   0% used [0x00000000b0000000, 0x00000000b0000000, 0x00000000b28f0000)
  from space 5184K,  34% used [0x00000000b28f0000, 0x00000000b2ab4db8, 0x00000000b2e00000)
  to   space 5184K,   0% used [0x00000000b2e00000, 0x00000000b2e00000, 0x00000000b3310000)
 tenured generation   total 104112K, used 68820K [0x00000000caaa0000, 0x00000000d104c000, 0x0000000100000000)
   the space 104112K,  66% used [0x00000000caaa0000, 0x00000000cedd5308, 0x00000000cedd5400, 0x00000000d104c000)
 Metaspace       used 71611K, committed 72320K, reserved 1114112K
  class space    used 9923K, committed 10304K, reserved 1048576K
}
Event: 28.623 GC heap before
{Heap before GC invocations=33 (full 1):
 def new generation   total 47104K, used 43731K [0x00000000b0000000, 0x00000000b3310000, 0x00000000caaa0000)
  eden space 41920K, 100% used [0x00000000b0000000, 0x00000000b28f0000, 0x00000000b28f0000)
  from space 5184K,  34% used [0x00000000b28f0000, 0x00000000b2ab4db8, 0x00000000b2e00000)
  to   space 5184K,   0% used [0x00000000b2e00000, 0x00000000b2e00000, 0x00000000b3310000)
 tenured generation   total 104112K, used 68820K [0x00000000caaa0000, 0x00000000d104c000, 0x0000000100000000)
   the space 104112K,  66% used [0x00000000caaa0000, 0x00000000cedd5308, 0x00000000cedd5400, 0x00000000d104c000)
 Metaspace       used 74176K, committed 74816K, reserved 1114112K
  class space    used 10258K, committed 10560K, reserved 1048576K
}
Event: 28.640 GC heap after
{Heap after GC invocations=34 (full 1):
 def new generation   total 47104K, used 5183K [0x00000000b0000000, 0x00000000b3310000, 0x00000000caaa0000)
  eden space 41920K,   0% used [0x00000000b0000000, 0x00000000b0000000, 0x00000000b28f0000)
  from space 5184K,  99% used [0x00000000b2e00000, 0x00000000b330fff8, 0x00000000b3310000)
  to   space 5184K,   0% used [0x00000000b28f0000, 0x00000000b28f0000, 0x00000000b2e00000)
 tenured generation   total 104112K, used 70187K [0x00000000caaa0000, 0x00000000d104c000, 0x0000000100000000)
   the space 104112K,  67% used [0x00000000caaa0000, 0x00000000cef2aef8, 0x00000000cef2b000, 0x00000000d104c000)
 Metaspace       used 74176K, committed 74816K, reserved 1114112K
  class space    used 10258K, committed 10560K, reserved 1048576K
}
Event: 29.389 GC heap before
{Heap before GC invocations=34 (full 1):
 def new generation   total 47104K, used 47103K [0x00000000b0000000, 0x00000000b3310000, 0x00000000caaa0000)
  eden space 41920K, 100% used [0x00000000b0000000, 0x00000000b28f0000, 0x00000000b28f0000)
  from space 5184K,  99% used [0x00000000b2e00000, 0x00000000b330fff8, 0x00000000b3310000)
  to   space 5184K,   0% used [0x00000000b28f0000, 0x00000000b28f0000, 0x00000000b2e00000)
 tenured generation   total 104112K, used 70187K [0x00000000caaa0000, 0x00000000d104c000, 0x0000000100000000)
   the space 104112K,  67% used [0x00000000caaa0000, 0x00000000cef2aef8, 0x00000000cef2b000, 0x00000000d104c000)
 Metaspace       used 77084K, committed 77824K, reserved 1179648K
  class space    used 10608K, committed 11008K, reserved 1048576K
}
Event: 29.409 GC heap after
{Heap after GC invocations=35 (full 1):
 def new generation   total 47104K, used 2119K [0x00000000b0000000, 0x00000000b3310000, 0x00000000caaa0000)
  eden space 41920K,   0% used [0x00000000b0000000, 0x00000000b0000000, 0x00000000b28f0000)
  from space 5184K,  40% used [0x00000000b28f0000, 0x00000000b2b01c10, 0x00000000b2e00000)
  to   space 5184K,   0% used [0x00000000b2e00000, 0x00000000b2e00000, 0x00000000b3310000)
 tenured generation   total 104112K, used 75323K [0x00000000caaa0000, 0x00000000d104c000, 0x0000000100000000)
   the space 104112K,  72% used [0x00000000caaa0000, 0x00000000cf42eda0, 0x00000000cf42ee00, 0x00000000d104c000)
 Metaspace       used 77084K, committed 77824K, reserved 1179648K
  class space    used 10608K, committed 11008K, reserved 1048576K
}
Event: 30.479 GC heap before
{Heap before GC invocations=35 (full 1):
 def new generation   total 47104K, used 44039K [0x00000000b0000000, 0x00000000b3310000, 0x00000000caaa0000)
  eden space 41920K, 100% used [0x00000000b0000000, 0x00000000b28f0000, 0x00000000b28f0000)
  from space 5184K,  40% used [0x00000000b28f0000, 0x00000000b2b01c10, 0x00000000b2e00000)
  to   space 5184K,   0% used [0x00000000b2e00000, 0x00000000b2e00000, 0x00000000b3310000)
 tenured generation   total 104112K, used 75323K [0x00000000caaa0000, 0x00000000d104c000, 0x0000000100000000)
   the space 104112K,  72% used [0x00000000caaa0000, 0x00000000cf42eda0, 0x00000000cf42ee00, 0x00000000d104c000)
 Metaspace       used 78751K, committed 79488K, reserved 1179648K
  class space    used 10853K, committed 11200K, reserved 1048576K
}
Event: 30.506 GC heap after
{Heap after GC invocations=36 (full 1):
 def new generation   total 47104K, used 5184K [0x00000000b0000000, 0x00000000b3310000, 0x00000000caaa0000)
  eden space 41920K,   0% used [0x00000000b0000000, 0x00000000b0000000, 0x00000000b28f0000)
  from space 5184K, 100% used [0x00000000b2e00000, 0x00000000b3310000, 0x00000000b3310000)
  to   space 5184K,   0% used [0x00000000b28f0000, 0x00000000b28f0000, 0x00000000b2e00000)
 tenured generation   total 104112K, used 77194K [0x00000000caaa0000, 0x00000000d104c000, 0x0000000100000000)
   the space 104112K,  74% used [0x00000000caaa0000, 0x00000000cf602918, 0x00000000cf602a00, 0x00000000d104c000)
 Metaspace       used 78751K, committed 79488K, reserved 1179648K
  class space    used 10853K, committed 11200K, reserved 1048576K
}
Event: 32.171 GC heap before
{Heap before GC invocations=36 (full 1):
 def new generation   total 47104K, used 47104K [0x00000000b0000000, 0x00000000b3310000, 0x00000000caaa0000)
  eden space 41920K, 100% used [0x00000000b0000000, 0x00000000b28f0000, 0x00000000b28f0000)
  from space 5184K, 100% used [0x00000000b2e00000, 0x00000000b3310000, 0x00000000b3310000)
  to   space 5184K,   0% used [0x00000000b28f0000, 0x00000000b28f0000, 0x00000000b2e00000)
 tenured generation   total 104112K, used 77194K [0x00000000caaa0000, 0x00000000d104c000, 0x0000000100000000)
   the space 104112K,  74% used [0x00000000caaa0000, 0x00000000cf602918, 0x00000000cf602a00, 0x00000000d104c000)
 Metaspace       used 81224K, committed 81920K, reserved 1179648K
  class space    used 11221K, committed 11584K, reserved 1048576K
}
Event: 32.202 GC heap after
{Heap after GC invocations=37 (full 1):
 def new generation   total 47104K, used 2093K [0x00000000b0000000, 0x00000000b3310000, 0x00000000caaa0000)
  eden space 41920K,   0% used [0x00000000b0000000, 0x00000000b0000000, 0x00000000b28f0000)
  from space 5184K,  40% used [0x00000000b28f0000, 0x00000000b2afb7a0, 0x00000000b2e00000)
  to   space 5184K,   0% used [0x00000000b2e00000, 0x00000000b2e00000, 0x00000000b3310000)
 tenured generation   total 104112K, used 82087K [0x00000000caaa0000, 0x00000000d104c000, 0x0000000100000000)
   the space 104112K,  78% used [0x00000000caaa0000, 0x00000000cfac9e90, 0x00000000cfaca000, 0x00000000d104c000)
 Metaspace       used 81224K, committed 81920K, reserved 1179648K
  class space    used 11221K, committed 11584K, reserved 1048576K
}
Event: 33.985 GC heap before
{Heap before GC invocations=37 (full 1):
 def new generation   total 47104K, used 44013K [0x00000000b0000000, 0x00000000b3310000, 0x00000000caaa0000)
  eden space 41920K, 100% used [0x00000000b0000000, 0x00000000b28f0000, 0x00000000b28f0000)
  from space 5184K,  40% used [0x00000000b28f0000, 0x00000000b2afb7a0, 0x00000000b2e00000)
  to   space 5184K,   0% used [0x00000000b2e00000, 0x00000000b2e00000, 0x00000000b3310000)
 tenured generation   total 104112K, used 82087K [0x00000000caaa0000, 0x00000000d104c000, 0x0000000100000000)
   the space 104112K,  78% used [0x00000000caaa0000, 0x00000000cfac9e90, 0x00000000cfaca000, 0x00000000d104c000)
 Metaspace       used 84102K, committed 84800K, reserved 1179648K
  class space    used 11613K, committed 11968K, reserved 1048576K
}
Event: 34.001 GC heap after
{Heap after GC invocations=38 (full 1):
 def new generation   total 47104K, used 3444K [0x00000000b0000000, 0x00000000b3310000, 0x00000000caaa0000)
  eden space 41920K,   0% used [0x00000000b0000000, 0x00000000b0000000, 0x00000000b28f0000)
  from space 5184K,  66% used [0x00000000b2e00000, 0x00000000b315d390, 0x00000000b3310000)
  to   space 5184K,   0% used [0x00000000b28f0000, 0x00000000b28f0000, 0x00000000b2e00000)
 tenured generation   total 104112K, used 82087K [0x00000000caaa0000, 0x00000000d104c000, 0x0000000100000000)
   the space 104112K,  78% used [0x00000000caaa0000, 0x00000000cfac9e90, 0x00000000cfaca000, 0x00000000d104c000)
 Metaspace       used 84102K, committed 84800K, reserved 1179648K
  class space    used 11613K, committed 11968K, reserved 1048576K
}
Event: 35.322 GC heap before
{Heap before GC invocations=38 (full 1):
 def new generation   total 47104K, used 45364K [0x00000000b0000000, 0x00000000b3310000, 0x00000000caaa0000)
  eden space 41920K, 100% used [0x00000000b0000000, 0x00000000b28f0000, 0x00000000b28f0000)
  from space 5184K,  66% used [0x00000000b2e00000, 0x00000000b315d390, 0x00000000b3310000)
  to   space 5184K,   0% used [0x00000000b28f0000, 0x00000000b28f0000, 0x00000000b2e00000)
 tenured generation   total 104112K, used 82087K [0x00000000caaa0000, 0x00000000d104c000, 0x0000000100000000)
   the space 104112K,  78% used [0x00000000caaa0000, 0x00000000cfac9e90, 0x00000000cfaca000, 0x00000000d104c000)
 Metaspace       used 86961K, committed 87680K, reserved 1179648K
  class space    used 12090K, committed 12480K, reserved 1048576K
}
Event: 35.344 GC heap after
{Heap after GC invocations=39 (full 1):
 def new generation   total 47104K, used 2256K [0x00000000b0000000, 0x00000000b3310000, 0x00000000caaa0000)
  eden space 41920K,   0% used [0x00000000b0000000, 0x00000000b0000000, 0x00000000b28f0000)
  from space 5184K,  43% used [0x00000000b28f0000, 0x00000000b2b24290, 0x00000000b2e00000)
  to   space 5184K,   0% used [0x00000000b2e00000, 0x00000000b2e00000, 0x00000000b3310000)
 tenured generation   total 104112K, used 84075K [0x00000000caaa0000, 0x00000000d104c000, 0x0000000100000000)
   the space 104112K,  80% used [0x00000000caaa0000, 0x00000000cfcbaeb8, 0x00000000cfcbb000, 0x00000000d104c000)
 Metaspace       used 86961K, committed 87680K, reserved 1179648K
  class space    used 12090K, committed 12480K, reserved 1048576K
}
Event: 36.711 GC heap before
{Heap before GC invocations=39 (full 1):
 def new generation   total 47104K, used 44176K [0x00000000b0000000, 0x00000000b3310000, 0x00000000caaa0000)
  eden space 41920K, 100% used [0x00000000b0000000, 0x00000000b28f0000, 0x00000000b28f0000)
  from space 5184K,  43% used [0x00000000b28f0000, 0x00000000b2b24290, 0x00000000b2e00000)
  to   space 5184K,   0% used [0x00000000b2e00000, 0x00000000b2e00000, 0x00000000b3310000)
 tenured generation   total 104112K, used 84075K [0x00000000caaa0000, 0x00000000d104c000, 0x0000000100000000)
   the space 104112K,  80% used [0x00000000caaa0000, 0x00000000cfcbaeb8, 0x00000000cfcbb000, 0x00000000d104c000)
 Metaspace       used 89740K, committed 90560K, reserved 1179648K
  class space    used 12530K, committed 12928K, reserved 1048576K
}
Event: 36.734 GC heap after
{Heap after GC invocations=40 (full 1):
 def new generation   total 47104K, used 4130K [0x00000000b0000000, 0x00000000b3310000, 0x00000000caaa0000)
  eden space 41920K,   0% used [0x00000000b0000000, 0x00000000b0000000, 0x00000000b28f0000)
  from space 5184K,  79% used [0x00000000b2e00000, 0x00000000b3208820, 0x00000000b3310000)
  to   space 5184K,   0% used [0x00000000b28f0000, 0x00000000b28f0000, 0x00000000b2e00000)
 tenured generation   total 104112K, used 84075K [0x00000000caaa0000, 0x00000000d104c000, 0x0000000100000000)
   the space 104112K,  80% used [0x00000000caaa0000, 0x00000000cfcbaeb8, 0x00000000cfcbb000, 0x00000000d104c000)
 Metaspace       used 89740K, committed 90560K, reserved 1179648K
  class space    used 12530K, committed 12928K, reserved 1048576K
}
Event: 41.226 GC heap before
{Heap before GC invocations=40 (full 1):
 def new generation   total 47104K, used 46050K [0x00000000b0000000, 0x00000000b3310000, 0x00000000caaa0000)
  eden space 41920K, 100% used [0x00000000b0000000, 0x00000000b28f0000, 0x00000000b28f0000)
  from space 5184K,  79% used [0x00000000b2e00000, 0x00000000b3208820, 0x00000000b3310000)
  to   space 5184K,   0% used [0x00000000b28f0000, 0x00000000b28f0000, 0x00000000b2e00000)
 tenured generation   total 104112K, used 84075K [0x00000000caaa0000, 0x00000000d104c000, 0x0000000100000000)
   the space 104112K,  80% used [0x00000000caaa0000, 0x00000000cfcbaeb8, 0x00000000cfcbb000, 0x00000000d104c000)
 Metaspace       used 91850K, committed 92608K, reserved 1179648K
  class space    used 12831K, committed 13248K, reserved 1048576K
}
Event: 41.264 GC heap after
{Heap after GC invocations=41 (full 1):
 def new generation   total 47104K, used 4479K [0x00000000b0000000, 0x00000000b3310000, 0x00000000caaa0000)
  eden space 41920K,   0% used [0x00000000b0000000, 0x00000000b0000000, 0x00000000b28f0000)
  from space 5184K,  86% used [0x00000000b28f0000, 0x00000000b2d4ff30, 0x00000000b2e00000)
  to   space 5184K,   0% used [0x00000000b2e00000, 0x00000000b2e00000, 0x00000000b3310000)
 tenured generation   total 104112K, used 86311K [0x00000000caaa0000, 0x00000000d104c000, 0x0000000100000000)
   the space 104112K,  82% used [0x00000000caaa0000, 0x00000000cfee9fb0, 0x00000000cfeea000, 0x00000000d104c000)
 Metaspace       used 91850K, committed 92608K, reserved 1179648K
  class space    used 12831K, committed 13248K, reserved 1048576K
}

