# JRE version: OpenJDK Runtime Environment Microsoft-8297089 (17.0.8.1+1) (build 17.0.8.1+1-LTS)
# Java VM: OpenJDK 64-Bit Server VM Microsoft-8297089 (17.0.8.1+1-LTS, mixed mode, sharing, tiered, compressed oops, compressed class ptrs, serial gc, windows-amd64)
GC Precious Log:
 CPUs: 8 total, 8 available
 Memory: 5877M
 Large Page Support: Disabled
 NUMA Support: Disabled
 Compressed Oops: Enabled (32-bit)
 Heap Min Capacity: 8M
 Heap Initial Capacity: 92M
 Heap Max Capacity: 1536M
 Pre-touch: Disabled
Heap:
 def new generation   total 81024K, used 19998K [0x00000000a0000000, 0x00000000a57e0000, 0x00000000c0000000)
  eden space 72064K,  18% used [0x00000000a0000000, 0x00000000a0cf2698, 0x00000000a4660000)
  from space 8960K,  75% used [0x00000000a4660000, 0x00000000a4cf5390, 0x00000000a4f20000)
  to   space 8960K,   0% used [0x00000000a4f20000, 0x00000000a4f20000, 0x00000000a57e0000)
 tenured generation   total 178676K, used 114002K [0x00000000c0000000, 0x00000000cae7d000, 0x0000000100000000)
   the space 178676K,  63% used [0x00000000c0000000, 0x00000000c6f54990, 0x00000000c6f54a00, 0x00000000cae7d000)
 Metaspace       used 91440K, committed 92352K, reserved 1179648K
  class space    used 12898K, committed 13376K, reserved 1048576K
GC Heap History (20 events):
Event: 89.475 GC heap before
{Heap before GC invocations=33 (full 1):
 def new generation   total 47808K, used 47807K [0x00000000a0000000, 0x00000000a33e0000, 0x00000000c0000000)
  eden space 42496K,  99% used [0x00000000a0000000, 0x00000000a297ff58, 0x00000000a2980000)
  from space 5312K, 100% used [0x00000000a2eb0000, 0x00000000a33e0000, 0x00000000a33e0000)
  to   space 5312K,   0% used [0x00000000a2980000, 0x00000000a2980000, 0x00000000a2eb0000)
 tenured generation   total 105388K, used 80694K [0x00000000c0000000, 0x00000000c66eb000, 0x0000000100000000)
   the space 105388K,  76% used [0x00000000c0000000, 0x00000000c4ecdaf8, 0x00000000c4ecdc00, 0x00000000c66eb000)
 Metaspace       used 70535K, committed 71360K, reserved 1114112K
  class space    used 9954K, committed 10368K, reserved 1048576K
}
Event: 89.585 GC heap after
{Heap after GC invocations=34 (full 1):
 def new generation   total 47808K, used 1605K [0x00000000a0000000, 0x00000000a33e0000, 0x00000000c0000000)
  eden space 42496K,   0% used [0x00000000a0000000, 0x00000000a0000000, 0x00000000a2980000)
  from space 5312K,  30% used [0x00000000a2980000, 0x00000000a2b11528, 0x00000000a2eb0000)
  to   space 5312K,   0% used [0x00000000a2eb0000, 0x00000000a2eb0000, 0x00000000a33e0000)
 tenured generation   total 105388K, used 85794K [0x00000000c0000000, 0x00000000c66eb000, 0x0000000100000000)
   the space 105388K,  81% used [0x00000000c0000000, 0x00000000c53c8af8, 0x00000000c53c8c00, 0x00000000c66eb000)
 Metaspace       used 70535K, committed 71360K, reserved 1114112K
  class space    used 9954K, committed 10368K, reserved 1048576K
}
Event: 90.285 GC heap before
{Heap before GC invocations=34 (full 1):
 def new generation   total 47808K, used 44098K [0x00000000a0000000, 0x00000000a33e0000, 0x00000000c0000000)
  eden space 42496K,  99% used [0x00000000a0000000, 0x00000000a297f6a8, 0x00000000a2980000)
  from space 5312K,  30% used [0x00000000a2980000, 0x00000000a2b11528, 0x00000000a2eb0000)
  to   space 5312K,   0% used [0x00000000a2eb0000, 0x00000000a2eb0000, 0x00000000a33e0000)
 tenured generation   total 105388K, used 85794K [0x00000000c0000000, 0x00000000c66eb000, 0x0000000100000000)
   the space 105388K,  81% used [0x00000000c0000000, 0x00000000c53c8af8, 0x00000000c53c8c00, 0x00000000c66eb000)
 Metaspace       used 73166K, committed 74048K, reserved 1114112K
  class space    used 10147K, committed 10624K, reserved 1048576K
}
Event: 90.302 GC heap after
{Heap after GC invocations=35 (full 1):
 def new generation   total 47808K, used 4419K [0x00000000a0000000, 0x00000000a33e0000, 0x00000000c0000000)
  eden space 42496K,   0% used [0x00000000a0000000, 0x00000000a0000000, 0x00000000a2980000)
  from space 5312K,  83% used [0x00000000a2eb0000, 0x00000000a3300d10, 0x00000000a33e0000)
  to   space 5312K,   0% used [0x00000000a2980000, 0x00000000a2980000, 0x00000000a2eb0000)
 tenured generation   total 105388K, used 85794K [0x00000000c0000000, 0x00000000c66eb000, 0x0000000100000000)
   the space 105388K,  81% used [0x00000000c0000000, 0x00000000c53c8af8, 0x00000000c53c8c00, 0x00000000c66eb000)
 Metaspace       used 73166K, committed 74048K, reserved 1114112K
  class space    used 10147K, committed 10624K, reserved 1048576K
}
Event: 90.828 GC heap before
{Heap before GC invocations=35 (full 1):
 def new generation   total 47808K, used 46915K [0x00000000a0000000, 0x00000000a33e0000, 0x00000000c0000000)
  eden space 42496K, 100% used [0x00000000a0000000, 0x00000000a2980000, 0x00000000a2980000)
  from space 5312K,  83% used [0x00000000a2eb0000, 0x00000000a3300d10, 0x00000000a33e0000)
  to   space 5312K,   0% used [0x00000000a2980000, 0x00000000a2980000, 0x00000000a2eb0000)
 tenured generation   total 105388K, used 85794K [0x00000000c0000000, 0x00000000c66eb000, 0x0000000100000000)
   the space 105388K,  81% used [0x00000000c0000000, 0x00000000c53c8af8, 0x00000000c53c8c00, 0x00000000c66eb000)
 Metaspace       used 75372K, committed 76352K, reserved 1179648K
  class space    used 10445K, committed 10944K, reserved 1048576K
}
Event: 90.852 GC heap after
{Heap after GC invocations=36 (full 1):
 def new generation   total 47808K, used 1605K [0x00000000a0000000, 0x00000000a33e0000, 0x00000000c0000000)
  eden space 42496K,   0% used [0x00000000a0000000, 0x00000000a0000000, 0x00000000a2980000)
  from space 5312K,  30% used [0x00000000a2980000, 0x00000000a2b11778, 0x00000000a2eb0000)
  to   space 5312K,   0% used [0x00000000a2eb0000, 0x00000000a2eb0000, 0x00000000a33e0000)
 tenured generation   total 105388K, used 90104K [0x00000000c0000000, 0x00000000c66eb000, 0x0000000100000000)
   the space 105388K,  85% used [0x00000000c0000000, 0x00000000c57fe030, 0x00000000c57fe200, 0x00000000c66eb000)
 Metaspace       used 75372K, committed 76352K, reserved 1179648K
  class space    used 10445K, committed 10944K, reserved 1048576K
}
Event: 91.368 GC heap before
{Heap before GC invocations=36 (full 1):
 def new generation   total 47808K, used 44101K [0x00000000a0000000, 0x00000000a33e0000, 0x00000000c0000000)
  eden space 42496K, 100% used [0x00000000a0000000, 0x00000000a2980000, 0x00000000a2980000)
  from space 5312K,  30% used [0x00000000a2980000, 0x00000000a2b11778, 0x00000000a2eb0000)
  to   space 5312K,   0% used [0x00000000a2eb0000, 0x00000000a2eb0000, 0x00000000a33e0000)
 tenured generation   total 105388K, used 90104K [0x00000000c0000000, 0x00000000c66eb000, 0x0000000100000000)
   the space 105388K,  85% used [0x00000000c0000000, 0x00000000c57fe030, 0x00000000c57fe200, 0x00000000c66eb000)
 Metaspace       used 77066K, committed 77952K, reserved 1179648K
  class space    used 10662K, committed 11136K, reserved 1048576K
}
Event: 91.392 GC heap after
{Heap after GC invocations=37 (full 1):
 def new generation   total 47808K, used 5311K [0x00000000a0000000, 0x00000000a33e0000, 0x00000000c0000000)
  eden space 42496K,   0% used [0x00000000a0000000, 0x00000000a0000000, 0x00000000a2980000)
  from space 5312K,  99% used [0x00000000a2eb0000, 0x00000000a33dfff8, 0x00000000a33e0000)
  to   space 5312K,   0% used [0x00000000a2980000, 0x00000000a2980000, 0x00000000a2eb0000)
 tenured generation   total 105388K, used 93133K [0x00000000c0000000, 0x00000000c66eb000, 0x0000000100000000)
   the space 105388K,  88% used [0x00000000c0000000, 0x00000000c5af3500, 0x00000000c5af3600, 0x00000000c66eb000)
 Metaspace       used 77066K, committed 77952K, reserved 1179648K
  class space    used 10662K, committed 11136K, reserved 1048576K
}
Event: 91.821 GC heap before
{Heap before GC invocations=37 (full 1):
 def new generation   total 47808K, used 47807K [0x00000000a0000000, 0x00000000a33e0000, 0x00000000c0000000)
  eden space 42496K, 100% used [0x00000000a0000000, 0x00000000a2980000, 0x00000000a2980000)
  from space 5312K,  99% used [0x00000000a2eb0000, 0x00000000a33dfff8, 0x00000000a33e0000)
  to   space 5312K,   0% used [0x00000000a2980000, 0x00000000a2980000, 0x00000000a2eb0000)
 tenured generation   total 105388K, used 93133K [0x00000000c0000000, 0x00000000c66eb000, 0x0000000100000000)
   the space 105388K,  88% used [0x00000000c0000000, 0x00000000c5af3500, 0x00000000c5af3600, 0x00000000c66eb000)
 Metaspace       used 78912K, committed 79872K, reserved 1179648K
  class space    used 10951K, committed 11456K, reserved 1048576K
}
Event: 91.864 GC heap after
{Heap after GC invocations=38 (full 1):
 def new generation   total 47808K, used 5311K [0x00000000a0000000, 0x00000000a33e0000, 0x00000000c0000000)
  eden space 42496K,   0% used [0x00000000a0000000, 0x00000000a0000000, 0x00000000a2980000)
  from space 5312K,  99% used [0x00000000a2980000, 0x00000000a2eafff8, 0x00000000a2eb0000)
  to   space 5312K,   0% used [0x00000000a2eb0000, 0x00000000a2eb0000, 0x00000000a33e0000)
 tenured generation   total 105388K, used 99262K [0x00000000c0000000, 0x00000000c66eb000, 0x0000000100000000)
   the space 105388K,  94% used [0x00000000c0000000, 0x00000000c60ef830, 0x00000000c60efa00, 0x00000000c66eb000)
 Metaspace       used 78912K, committed 79872K, reserved 1179648K
  class space    used 10951K, committed 11456K, reserved 1048576K
}
Event: 92.259 GC heap before
{Heap before GC invocations=38 (full 1):
 def new generation   total 47808K, used 47807K [0x00000000a0000000, 0x00000000a33e0000, 0x00000000c0000000)
  eden space 42496K, 100% used [0x00000000a0000000, 0x00000000a2980000, 0x00000000a2980000)
  from space 5312K,  99% used [0x00000000a2980000, 0x00000000a2eafff8, 0x00000000a2eb0000)
  to   space 5312K,   0% used [0x00000000a2eb0000, 0x00000000a2eb0000, 0x00000000a33e0000)
 tenured generation   total 105388K, used 99262K [0x00000000c0000000, 0x00000000c66eb000, 0x0000000100000000)
   the space 105388K,  94% used [0x00000000c0000000, 0x00000000c60ef830, 0x00000000c60efa00, 0x00000000c66eb000)
 Metaspace       used 80918K, committed 81856K, reserved 1179648K
  class space    used 11284K, committed 11776K, reserved 1048576K
}
Event: 92.302 GC heap after
{Heap after GC invocations=39 (full 1):
 def new generation   total 47808K, used 5312K [0x00000000a0000000, 0x00000000a33e0000, 0x00000000c0000000)
  eden space 42496K,   0% used [0x00000000a0000000, 0x00000000a0000000, 0x00000000a2980000)
  from space 5312K, 100% used [0x00000000a2eb0000, 0x00000000a33e0000, 0x00000000a33e0000)
  to   space 5312K,   0% used [0x00000000a2980000, 0x00000000a2980000, 0x00000000a2eb0000)
 tenured generation   total 108076K, used 107996K [0x00000000c0000000, 0x00000000c698b000, 0x0000000100000000)
   the space 108076K,  99% used [0x00000000c0000000, 0x00000000c69770a8, 0x00000000c6977200, 0x00000000c698b000)
 Metaspace       used 80918K, committed 81856K, reserved 1179648K
  class space    used 11284K, committed 11776K, reserved 1048576K
}
Event: 92.302 GC heap before
{Heap before GC invocations=39 (full 1):
 def new generation   total 47808K, used 5312K [0x00000000a0000000, 0x00000000a33e0000, 0x00000000c0000000)
  eden space 42496K,   0% used [0x00000000a0000000, 0x00000000a0000000, 0x00000000a2980000)
  from space 5312K, 100% used [0x00000000a2eb0000, 0x00000000a33e0000, 0x00000000a33e0000)
  to   space 5312K,   0% used [0x00000000a2980000, 0x00000000a2980000, 0x00000000a2eb0000)
 tenured generation   total 108076K, used 107996K [0x00000000c0000000, 0x00000000c698b000, 0x0000000100000000)
   the space 108076K,  99% used [0x00000000c0000000, 0x00000000c69770a8, 0x00000000c6977200, 0x00000000c698b000)
 Metaspace       used 80918K, committed 81856K, reserved 1179648K
  class space    used 11284K, committed 11776K, reserved 1048576K
}
Event: 93.039 GC heap after
{Heap after GC invocations=39 (full 2):
 def new generation   total 81024K, used 0K [0x00000000a0000000, 0x00000000a57e0000, 0x00000000c0000000)
  eden space 72064K,   0% used [0x00000000a0000000, 0x00000000a0000000, 0x00000000a4660000)
  from space 8960K,   0% used [0x00000000a4660000, 0x00000000a4660000, 0x00000000a4f20000)
  to   space 8960K,   0% used [0x00000000a4f20000, 0x00000000a4f20000, 0x00000000a57e0000)
 tenured generation   total 178676K, used 107204K [0x00000000c0000000, 0x00000000cae7d000, 0x0000000100000000)
   the space 178676K,  59% used [0x00000000c0000000, 0x00000000c68b10c0, 0x00000000c68b1200, 0x00000000cae7d000)
 Metaspace       used 80892K, committed 81856K, reserved 1179648K
  class space    used 11277K, committed 11776K, reserved 1048576K
}
Event: 93.806 GC heap before
{Heap before GC invocations=39 (full 2):
 def new generation   total 81024K, used 72064K [0x00000000a0000000, 0x00000000a57e0000, 0x00000000c0000000)
  eden space 72064K, 100% used [0x00000000a0000000, 0x00000000a4660000, 0x00000000a4660000)
  from space 8960K,   0% used [0x00000000a4660000, 0x00000000a4660000, 0x00000000a4f20000)
  to   space 8960K,   0% used [0x00000000a4f20000, 0x00000000a4f20000, 0x00000000a57e0000)
 tenured generation   total 178676K, used 107204K [0x00000000c0000000, 0x00000000cae7d000, 0x0000000100000000)
   the space 178676K,  59% used [0x00000000c0000000, 0x00000000c68b10c0, 0x00000000c68b1200, 0x00000000cae7d000)
 Metaspace       used 85810K, committed 86784K, reserved 1179648K
  class space    used 12105K, committed 12608K, reserved 1048576K
}
Event: 93.838 GC heap after
{Heap after GC invocations=40 (full 2):
 def new generation   total 81024K, used 6911K [0x00000000a0000000, 0x00000000a57e0000, 0x00000000c0000000)
  eden space 72064K,   0% used [0x00000000a0000000, 0x00000000a0000000, 0x00000000a4660000)
  from space 8960K,  77% used [0x00000000a4f20000, 0x00000000a55dfeb8, 0x00000000a57e0000)
  to   space 8960K,   0% used [0x00000000a4660000, 0x00000000a4660000, 0x00000000a4f20000)
 tenured generation   total 178676K, used 107204K [0x00000000c0000000, 0x00000000cae7d000, 0x0000000100000000)
   the space 178676K,  59% used [0x00000000c0000000, 0x00000000c68b10c0, 0x00000000c68b1200, 0x00000000cae7d000)
 Metaspace       used 85810K, committed 86784K, reserved 1179648K
  class space    used 12105K, committed 12608K, reserved 1048576K
}
Event: 94.446 GC heap before
{Heap before GC invocations=40 (full 2):
 def new generation   total 81024K, used 78975K [0x00000000a0000000, 0x00000000a57e0000, 0x00000000c0000000)
  eden space 72064K, 100% used [0x00000000a0000000, 0x00000000a4660000, 0x00000000a4660000)
  from space 8960K,  77% used [0x00000000a4f20000, 0x00000000a55dfeb8, 0x00000000a57e0000)
  to   space 8960K,   0% used [0x00000000a4660000, 0x00000000a4660000, 0x00000000a4f20000)
 tenured generation   total 178676K, used 107204K [0x00000000c0000000, 0x00000000cae7d000, 0x0000000100000000)
   the space 178676K,  59% used [0x00000000c0000000, 0x00000000c68b10c0, 0x00000000c68b1200, 0x00000000cae7d000)
 Metaspace       used 89291K, committed 90240K, reserved 1179648K
  class space    used 12627K, committed 13120K, reserved 1048576K
}
Event: 94.482 GC heap after
{Heap after GC invocations=41 (full 2):
 def new generation   total 81024K, used 2879K [0x00000000a0000000, 0x00000000a57e0000, 0x00000000c0000000)
  eden space 72064K,   0% used [0x00000000a0000000, 0x00000000a0000000, 0x00000000a4660000)
  from space 8960K,  32% used [0x00000000a4660000, 0x00000000a492fd18, 0x00000000a4f20000)
  to   space 8960K,   0% used [0x00000000a4f20000, 0x00000000a4f20000, 0x00000000a57e0000)
 tenured generation   total 178676K, used 114002K [0x00000000c0000000, 0x00000000cae7d000, 0x0000000100000000)
   the space 178676K,  63% used [0x00000000c0000000, 0x00000000c6f54990, 0x00000000c6f54a00, 0x00000000cae7d000)
 Metaspace       used 89291K, committed 90240K, reserved 1179648K
  class space    used 12627K, committed 13120K, reserved 1048576K
}
Event: 94.925 GC heap before
{Heap before GC invocations=41 (full 2):
 def new generation   total 81024K, used 74943K [0x00000000a0000000, 0x00000000a57e0000, 0x00000000c0000000)
  eden space 72064K, 100% used [0x00000000a0000000, 0x00000000a4660000, 0x00000000a4660000)
  from space 8960K,  32% used [0x00000000a4660000, 0x00000000a492fd18, 0x00000000a4f20000)
  to   space 8960K,   0% used [0x00000000a4f20000, 0x00000000a4f20000, 0x00000000a57e0000)
 tenured generation   total 178676K, used 114002K [0x00000000c0000000, 0x00000000cae7d000, 0x0000000100000000)
   the space 178676K,  63% used [0x00000000c0000000, 0x00000000c6f54990, 0x00000000c6f54a00, 0x00000000cae7d000)
 Metaspace       used 90096K, committed 91072K, reserved 1179648K
  class space    used 12681K, committed 13184K, reserved 1048576K
}
Event: 94.942 GC heap after
{Heap after GC invocations=42 (full 2):
 def new generation   total 81024K, used 3803K [0x00000000a0000000, 0x00000000a57e0000, 0x00000000c0000000)
  eden space 72064K,   0% used [0x00000000a0000000, 0x00000000a0000000, 0x00000000a4660000)
  from space 8960K,  42% used [0x00000000a4f20000, 0x00000000a52d6f38, 0x00000000a57e0000)
  to   space 8960K,   0% used [0x00000000a4660000, 0x00000000a4660000, 0x00000000a4f20000)
 tenured generation   total 178676K, used 114002K [0x00000000c0000000, 0x00000000cae7d000, 0x0000000100000000)
   the space 178676K,  63% used [0x00000000c0000000, 0x00000000c6f54990, 0x00000000c6f54a00, 0x00000000cae7d000)
 Metaspace       used 90096K, committed 91072K, reserved 1179648K
  class space    used 12681K, committed 13184K, reserved 1048576K
}

