# JRE version: OpenJDK Runtime Environment Microsoft-8297089 (17.0.8.1+1) (build 17.0.8.1+1-LTS)
# Java VM: OpenJDK 64-Bit Server VM Microsoft-8297089 (17.0.8.1+1-LTS, mixed mode, sharing, tiered, compressed oops, compressed class ptrs, serial gc, windows-amd64)
GC Precious Log:
 CPUs: 8 total, 8 available
 Memory: 5877M
 Large Page Support: Disabled
 NUMA Support: Disabled
 Compressed Oops: Enabled (32-bit)
 Heap Min Capacity: 8M
 Heap Initial Capacity: 92M
 Heap Max Capacity: 1G
 Pre-touch: Disabled
Heap:
 def new generation   total 47360K, used 24322K [0x00000000c0000000, 0x00000000c3360000, 0x00000000d5550000)
  eden space 42112K,  52% used [0x00000000c0000000, 0x00000000c15b3970, 0x00000000c2920000)
  from space 5248K,  40% used [0x00000000c2e40000, 0x00000000c304d0c0, 0x00000000c3360000)
  to   space 5248K,   0% used [0x00000000c2920000, 0x00000000c2920000, 0x00000000c2e40000)
 tenured generation   total 104668K, used 62799K [0x00000000d5550000, 0x00000000dbb87000, 0x0000000100000000)
   the space 104668K,  59% used [0x00000000d5550000, 0x00000000d92a3e58, 0x00000000d92a4000, 0x00000000dbb87000)
 Metaspace       used 64534K, committed 65152K, reserved 1114112K
  class space    used 9023K, committed 9344K, reserved 1048576K
GC Heap History (20 events):
Event: 15.780 GC heap before
{Heap before GC invocations=21 (full 0):
 def new generation   total 28224K, used 28224K [0x00000000c0000000, 0x00000000c1ea0000, 0x00000000d5550000)
  eden space 25088K, 100% used [0x00000000c0000000, 0x00000000c1880000, 0x00000000c1880000)
  from space 3136K, 100% used [0x00000000c1b90000, 0x00000000c1ea0000, 0x00000000c1ea0000)
  to   space 3136K,   0% used [0x00000000c1880000, 0x00000000c1880000, 0x00000000c1b90000)
 tenured generation   total 62848K, used 39411K [0x00000000d5550000, 0x00000000d92b0000, 0x0000000100000000)
   the space 62848K,  62% used [0x00000000d5550000, 0x00000000d7bcccb0, 0x00000000d7bcce00, 0x00000000d92b0000)
 Metaspace       used 55357K, committed 55936K, reserved 1114112K
  class space    used 7725K, committed 8000K, reserved 1048576K
}
Event: 15.796 GC heap after
{Heap after GC invocations=22 (full 0):
 def new generation   total 28224K, used 3135K [0x00000000c0000000, 0x00000000c1ea0000, 0x00000000d5550000)
  eden space 25088K,   0% used [0x00000000c0000000, 0x00000000c0000000, 0x00000000c1880000)
  from space 3136K,  99% used [0x00000000c1880000, 0x00000000c1b8fff8, 0x00000000c1b90000)
  to   space 3136K,   0% used [0x00000000c1b90000, 0x00000000c1b90000, 0x00000000c1ea0000)
 tenured generation   total 62848K, used 41474K [0x00000000d5550000, 0x00000000d92b0000, 0x0000000100000000)
   the space 62848K,  65% used [0x00000000d5550000, 0x00000000d7dd0868, 0x00000000d7dd0a00, 0x00000000d92b0000)
 Metaspace       used 55357K, committed 55936K, reserved 1114112K
  class space    used 7725K, committed 8000K, reserved 1048576K
}
Event: 16.208 GC heap before
{Heap before GC invocations=22 (full 0):
 def new generation   total 28224K, used 28223K [0x00000000c0000000, 0x00000000c1ea0000, 0x00000000d5550000)
  eden space 25088K, 100% used [0x00000000c0000000, 0x00000000c1880000, 0x00000000c1880000)
  from space 3136K,  99% used [0x00000000c1880000, 0x00000000c1b8fff8, 0x00000000c1b90000)
  to   space 3136K,   0% used [0x00000000c1b90000, 0x00000000c1b90000, 0x00000000c1ea0000)
 tenured generation   total 62848K, used 41474K [0x00000000d5550000, 0x00000000d92b0000, 0x0000000100000000)
   the space 62848K,  65% used [0x00000000d5550000, 0x00000000d7dd0868, 0x00000000d7dd0a00, 0x00000000d92b0000)
 Metaspace       used 55709K, committed 56256K, reserved 1114112K
  class space    used 7750K, committed 8000K, reserved 1048576K
}
Event: 16.221 GC heap after
{Heap after GC invocations=23 (full 0):
 def new generation   total 28224K, used 2895K [0x00000000c0000000, 0x00000000c1ea0000, 0x00000000d5550000)
  eden space 25088K,   0% used [0x00000000c0000000, 0x00000000c0000000, 0x00000000c1880000)
  from space 3136K,  92% used [0x00000000c1b90000, 0x00000000c1e63fe8, 0x00000000c1ea0000)
  to   space 3136K,   0% used [0x00000000c1880000, 0x00000000c1880000, 0x00000000c1b90000)
 tenured generation   total 62848K, used 42502K [0x00000000d5550000, 0x00000000d92b0000, 0x0000000100000000)
   the space 62848K,  67% used [0x00000000d5550000, 0x00000000d7ed1930, 0x00000000d7ed1a00, 0x00000000d92b0000)
 Metaspace       used 55709K, committed 56256K, reserved 1114112K
  class space    used 7750K, committed 8000K, reserved 1048576K
}
Event: 16.612 GC heap before
{Heap before GC invocations=23 (full 0):
 def new generation   total 28224K, used 27983K [0x00000000c0000000, 0x00000000c1ea0000, 0x00000000d5550000)
  eden space 25088K, 100% used [0x00000000c0000000, 0x00000000c1880000, 0x00000000c1880000)
  from space 3136K,  92% used [0x00000000c1b90000, 0x00000000c1e63fe8, 0x00000000c1ea0000)
  to   space 3136K,   0% used [0x00000000c1880000, 0x00000000c1880000, 0x00000000c1b90000)
 tenured generation   total 62848K, used 42502K [0x00000000d5550000, 0x00000000d92b0000, 0x0000000100000000)
   the space 62848K,  67% used [0x00000000d5550000, 0x00000000d7ed1930, 0x00000000d7ed1a00, 0x00000000d92b0000)
 Metaspace       used 55779K, committed 56384K, reserved 1114112K
  class space    used 7751K, committed 8000K, reserved 1048576K
}
Event: 16.626 GC heap after
{Heap after GC invocations=24 (full 0):
 def new generation   total 28224K, used 2970K [0x00000000c0000000, 0x00000000c1ea0000, 0x00000000d5550000)
  eden space 25088K,   0% used [0x00000000c0000000, 0x00000000c0000000, 0x00000000c1880000)
  from space 3136K,  94% used [0x00000000c1880000, 0x00000000c1b66938, 0x00000000c1b90000)
  to   space 3136K,   0% used [0x00000000c1b90000, 0x00000000c1b90000, 0x00000000c1ea0000)
 tenured generation   total 62848K, used 43407K [0x00000000d5550000, 0x00000000d92b0000, 0x0000000100000000)
   the space 62848K,  69% used [0x00000000d5550000, 0x00000000d7fb3db0, 0x00000000d7fb3e00, 0x00000000d92b0000)
 Metaspace       used 55779K, committed 56384K, reserved 1114112K
  class space    used 7751K, committed 8000K, reserved 1048576K
}
Event: 16.988 GC heap before
{Heap before GC invocations=24 (full 0):
 def new generation   total 28224K, used 28058K [0x00000000c0000000, 0x00000000c1ea0000, 0x00000000d5550000)
  eden space 25088K, 100% used [0x00000000c0000000, 0x00000000c1880000, 0x00000000c1880000)
  from space 3136K,  94% used [0x00000000c1880000, 0x00000000c1b66938, 0x00000000c1b90000)
  to   space 3136K,   0% used [0x00000000c1b90000, 0x00000000c1b90000, 0x00000000c1ea0000)
 tenured generation   total 62848K, used 43407K [0x00000000d5550000, 0x00000000d92b0000, 0x0000000100000000)
   the space 62848K,  69% used [0x00000000d5550000, 0x00000000d7fb3db0, 0x00000000d7fb3e00, 0x00000000d92b0000)
 Metaspace       used 55794K, committed 56384K, reserved 1114112K
  class space    used 7751K, committed 8000K, reserved 1048576K
}
Event: 17.000 GC heap after
{Heap after GC invocations=25 (full 0):
 def new generation   total 28224K, used 2929K [0x00000000c0000000, 0x00000000c1ea0000, 0x00000000d5550000)
  eden space 25088K,   0% used [0x00000000c0000000, 0x00000000c0000000, 0x00000000c1880000)
  from space 3136K,  93% used [0x00000000c1b90000, 0x00000000c1e6c778, 0x00000000c1ea0000)
  to   space 3136K,   0% used [0x00000000c1880000, 0x00000000c1880000, 0x00000000c1b90000)
 tenured generation   total 62848K, used 44286K [0x00000000d5550000, 0x00000000d92b0000, 0x0000000100000000)
   the space 62848K,  70% used [0x00000000d5550000, 0x00000000d808fb78, 0x00000000d808fc00, 0x00000000d92b0000)
 Metaspace       used 55794K, committed 56384K, reserved 1114112K
  class space    used 7751K, committed 8000K, reserved 1048576K
}
Event: 17.329 GC heap before
{Heap before GC invocations=25 (full 0):
 def new generation   total 28224K, used 28017K [0x00000000c0000000, 0x00000000c1ea0000, 0x00000000d5550000)
  eden space 25088K, 100% used [0x00000000c0000000, 0x00000000c1880000, 0x00000000c1880000)
  from space 3136K,  93% used [0x00000000c1b90000, 0x00000000c1e6c778, 0x00000000c1ea0000)
  to   space 3136K,   0% used [0x00000000c1880000, 0x00000000c1880000, 0x00000000c1b90000)
 tenured generation   total 62848K, used 44286K [0x00000000d5550000, 0x00000000d92b0000, 0x0000000100000000)
   the space 62848K,  70% used [0x00000000d5550000, 0x00000000d808fb78, 0x00000000d808fc00, 0x00000000d92b0000)
 Metaspace       used 55801K, committed 56384K, reserved 1114112K
  class space    used 7752K, committed 8000K, reserved 1048576K
}
Event: 17.341 GC heap after
{Heap after GC invocations=26 (full 0):
 def new generation   total 28224K, used 3059K [0x00000000c0000000, 0x00000000c1ea0000, 0x00000000d5550000)
  eden space 25088K,   0% used [0x00000000c0000000, 0x00000000c0000000, 0x00000000c1880000)
  from space 3136K,  97% used [0x00000000c1880000, 0x00000000c1b7cfc8, 0x00000000c1b90000)
  to   space 3136K,   0% used [0x00000000c1b90000, 0x00000000c1b90000, 0x00000000c1ea0000)
 tenured generation   total 62848K, used 45088K [0x00000000d5550000, 0x00000000d92b0000, 0x0000000100000000)
   the space 62848K,  71% used [0x00000000d5550000, 0x00000000d81581f8, 0x00000000d8158200, 0x00000000d92b0000)
 Metaspace       used 55801K, committed 56384K, reserved 1114112K
  class space    used 7752K, committed 8000K, reserved 1048576K
}
Event: 17.985 GC heap before
{Heap before GC invocations=26 (full 0):
 def new generation   total 28224K, used 28147K [0x00000000c0000000, 0x00000000c1ea0000, 0x00000000d5550000)
  eden space 25088K, 100% used [0x00000000c0000000, 0x00000000c1880000, 0x00000000c1880000)
  from space 3136K,  97% used [0x00000000c1880000, 0x00000000c1b7cfc8, 0x00000000c1b90000)
  to   space 3136K,   0% used [0x00000000c1b90000, 0x00000000c1b90000, 0x00000000c1ea0000)
 tenured generation   total 62848K, used 45088K [0x00000000d5550000, 0x00000000d92b0000, 0x0000000100000000)
   the space 62848K,  71% used [0x00000000d5550000, 0x00000000d81581f8, 0x00000000d8158200, 0x00000000d92b0000)
 Metaspace       used 56020K, committed 56576K, reserved 1114112K
  class space    used 7778K, committed 8064K, reserved 1048576K
}
Event: 18.004 GC heap after
{Heap after GC invocations=27 (full 0):
 def new generation   total 28224K, used 3136K [0x00000000c0000000, 0x00000000c1ea0000, 0x00000000d5550000)
  eden space 25088K,   0% used [0x00000000c0000000, 0x00000000c0000000, 0x00000000c1880000)
  from space 3136K, 100% used [0x00000000c1b90000, 0x00000000c1ea0000, 0x00000000c1ea0000)
  to   space 3136K,   0% used [0x00000000c1880000, 0x00000000c1880000, 0x00000000c1b90000)
 tenured generation   total 62848K, used 53766K [0x00000000d5550000, 0x00000000d92b0000, 0x0000000100000000)
   the space 62848K,  85% used [0x00000000d5550000, 0x00000000d89d1b90, 0x00000000d89d1c00, 0x00000000d92b0000)
 Metaspace       used 56020K, committed 56576K, reserved 1114112K
  class space    used 7778K, committed 8064K, reserved 1048576K
}
Event: 19.653 GC heap before
{Heap before GC invocations=27 (full 0):
 def new generation   total 28224K, used 28224K [0x00000000c0000000, 0x00000000c1ea0000, 0x00000000d5550000)
  eden space 25088K, 100% used [0x00000000c0000000, 0x00000000c1880000, 0x00000000c1880000)
  from space 3136K, 100% used [0x00000000c1b90000, 0x00000000c1ea0000, 0x00000000c1ea0000)
  to   space 3136K,   0% used [0x00000000c1880000, 0x00000000c1880000, 0x00000000c1b90000)
 tenured generation   total 62848K, used 53766K [0x00000000d5550000, 0x00000000d92b0000, 0x0000000100000000)
   the space 62848K,  85% used [0x00000000d5550000, 0x00000000d89d1b90, 0x00000000d89d1c00, 0x00000000d92b0000)
 Metaspace       used 57409K, committed 58048K, reserved 1114112K
  class space    used 7951K, committed 8256K, reserved 1048576K
}
Event: 19.667 GC heap after
{Heap after GC invocations=28 (full 0):
 def new generation   total 28224K, used 3135K [0x00000000c0000000, 0x00000000c1ea0000, 0x00000000d5550000)
  eden space 25088K,   0% used [0x00000000c0000000, 0x00000000c0000000, 0x00000000c1880000)
  from space 3136K,  99% used [0x00000000c1880000, 0x00000000c1b8fff8, 0x00000000c1b90000)
  to   space 3136K,   0% used [0x00000000c1b90000, 0x00000000c1b90000, 0x00000000c1ea0000)
 tenured generation   total 62848K, used 59813K [0x00000000d5550000, 0x00000000d92b0000, 0x0000000100000000)
   the space 62848K,  95% used [0x00000000d5550000, 0x00000000d8fb95a0, 0x00000000d8fb9600, 0x00000000d92b0000)
 Metaspace       used 57409K, committed 58048K, reserved 1114112K
  class space    used 7951K, committed 8256K, reserved 1048576K
}
Event: 20.914 GC heap before
{Heap before GC invocations=28 (full 0):
 def new generation   total 28224K, used 28223K [0x00000000c0000000, 0x00000000c1ea0000, 0x00000000d5550000)
  eden space 25088K, 100% used [0x00000000c0000000, 0x00000000c1880000, 0x00000000c1880000)
  from space 3136K,  99% used [0x00000000c1880000, 0x00000000c1b8fff8, 0x00000000c1b90000)
  to   space 3136K,   0% used [0x00000000c1b90000, 0x00000000c1b90000, 0x00000000c1ea0000)
 tenured generation   total 62848K, used 59813K [0x00000000d5550000, 0x00000000d92b0000, 0x0000000100000000)
   the space 62848K,  95% used [0x00000000d5550000, 0x00000000d8fb95a0, 0x00000000d8fb9600, 0x00000000d92b0000)
 Metaspace       used 60217K, committed 60864K, reserved 1114112K
  class space    used 8333K, committed 8640K, reserved 1048576K
}
Event: 20.928 GC heap after
{Heap after GC invocations=29 (full 0):
 def new generation   total 28224K, used 1401K [0x00000000c0000000, 0x00000000c1ea0000, 0x00000000d5550000)
  eden space 25088K,   0% used [0x00000000c0000000, 0x00000000c0000000, 0x00000000c1880000)
  from space 3136K,  44% used [0x00000000c1b90000, 0x00000000c1cee550, 0x00000000c1ea0000)
  to   space 3136K,   0% used [0x00000000c1880000, 0x00000000c1880000, 0x00000000c1b90000)
 tenured generation   total 63040K, used 62943K [0x00000000d5550000, 0x00000000d92e0000, 0x0000000100000000)
   the space 63040K,  99% used [0x00000000d5550000, 0x00000000d92c7db8, 0x00000000d92c7e00, 0x00000000d92e0000)
 Metaspace       used 60217K, committed 60864K, reserved 1114112K
  class space    used 8333K, committed 8640K, reserved 1048576K
}
Event: 20.928 GC heap before
{Heap before GC invocations=29 (full 0):
 def new generation   total 28224K, used 1401K [0x00000000c0000000, 0x00000000c1ea0000, 0x00000000d5550000)
  eden space 25088K,   0% used [0x00000000c0000000, 0x00000000c0000000, 0x00000000c1880000)
  from space 3136K,  44% used [0x00000000c1b90000, 0x00000000c1cee550, 0x00000000c1ea0000)
  to   space 3136K,   0% used [0x00000000c1880000, 0x00000000c1880000, 0x00000000c1b90000)
 tenured generation   total 63040K, used 62943K [0x00000000d5550000, 0x00000000d92e0000, 0x0000000100000000)
   the space 63040K,  99% used [0x00000000d5550000, 0x00000000d92c7db8, 0x00000000d92c7e00, 0x00000000d92e0000)
 Metaspace       used 60217K, committed 60864K, reserved 1114112K
  class space    used 8333K, committed 8640K, reserved 1048576K
}
Event: 21.120 GC heap after
{Heap after GC invocations=29 (full 1):
 def new generation   total 47360K, used 0K [0x00000000c0000000, 0x00000000c3360000, 0x00000000d5550000)
  eden space 42112K,   0% used [0x00000000c0000000, 0x00000000c0000000, 0x00000000c2920000)
  from space 5248K,   0% used [0x00000000c2920000, 0x00000000c2920000, 0x00000000c2e40000)
  to   space 5248K,   0% used [0x00000000c2e40000, 0x00000000c2e40000, 0x00000000c3360000)
 tenured generation   total 104668K, used 62799K [0x00000000d5550000, 0x00000000dbb87000, 0x0000000100000000)
   the space 104668K,  59% used [0x00000000d5550000, 0x00000000d92a3e58, 0x00000000d92a4000, 0x00000000dbb87000)
 Metaspace       used 60217K, committed 60864K, reserved 1114112K
  class space    used 8333K, committed 8640K, reserved 1048576K
}
Event: 22.338 GC heap before
{Heap before GC invocations=29 (full 1):
 def new generation   total 47360K, used 42112K [0x00000000c0000000, 0x00000000c3360000, 0x00000000d5550000)
  eden space 42112K, 100% used [0x00000000c0000000, 0x00000000c2920000, 0x00000000c2920000)
  from space 5248K,   0% used [0x00000000c2920000, 0x00000000c2920000, 0x00000000c2e40000)
  to   space 5248K,   0% used [0x00000000c2e40000, 0x00000000c2e40000, 0x00000000c3360000)
 tenured generation   total 104668K, used 62799K [0x00000000d5550000, 0x00000000dbb87000, 0x0000000100000000)
   the space 104668K,  59% used [0x00000000d5550000, 0x00000000d92a3e58, 0x00000000d92a4000, 0x00000000dbb87000)
 Metaspace       used 62639K, committed 63232K, reserved 1114112K
  class space    used 8704K, committed 8960K, reserved 1048576K
}
Event: 22.355 GC heap after
{Heap after GC invocations=30 (full 1):
 def new generation   total 47360K, used 2100K [0x00000000c0000000, 0x00000000c3360000, 0x00000000d5550000)
  eden space 42112K,   0% used [0x00000000c0000000, 0x00000000c0000000, 0x00000000c2920000)
  from space 5248K,  40% used [0x00000000c2e40000, 0x00000000c304d0c0, 0x00000000c3360000)
  to   space 5248K,   0% used [0x00000000c2920000, 0x00000000c2920000, 0x00000000c2e40000)
 tenured generation   total 104668K, used 62799K [0x00000000d5550000, 0x00000000dbb87000, 0x0000000100000000)
   the space 104668K,  59% used [0x00000000d5550000, 0x00000000d92a3e58, 0x00000000d92a4000, 0x00000000dbb87000)
 Metaspace       used 62639K, committed 63232K, reserved 1114112K
  class space    used 8704K, committed 8960K, reserved 1048576K
}

