# JRE version: OpenJDK Runtime Environment Microsoft-8297089 (17.0.8.1+1) (build 17.0.8.1+1-LTS)
# Java VM: OpenJDK 64-Bit Server VM Microsoft-8297089 (17.0.8.1+1-LTS, mixed mode, sharing, tiered, compressed oops, compressed class ptrs, g1 gc, windows-amd64)
GC Precious Log:
 CPUs: 8 total, 8 available
 Memory: 5877M
 Large Page Support: Disabled
 NUMA Support: Disabled
 Compressed Oops: Enabled (Zero based)
 Heap Region Size: 2M
 Heap Min Capacity: 8M
 Heap Initial Capacity: 92M
 Heap Max Capacity: 4G
 Pre-touch: Disabled
 Parallel Workers: 8
 Concurrent Workers: 2
 Concurrent Refinement Workers: 8
 Periodic GC: Disabled
Heap:
 garbage-first heap   total 421888K, used 230470K [0x0000000700000000, 0x0000000800000000)
  region size 2048K, 49 young (100352K), 10 survivors (20480K)
 Metaspace       used 85611K, committed 86464K, reserved 1179648K
  class space    used 12256K, committed 12672K, reserved 1048576K
GC Heap History (20 events):
Event: 50.965 GC heap before
{Heap before GC invocations=44 (full 0):
 garbage-first heap   total 335872K, used 124726K [0x0000000700000000, 0x0000000800000000)
  region size 2048K, 8 young (16384K), 1 survivors (2048K)
 Metaspace       used 70895K, committed 71744K, reserved 1114112K
  class space    used 9966K, committed 10368K, reserved 1048576K
}
Event: 50.971 GC heap after
{Heap after GC invocations=45 (full 0):
 garbage-first heap   total 335872K, used 114499K [0x0000000700000000, 0x0000000800000000)
  region size 2048K, 1 young (2048K), 1 survivors (2048K)
 Metaspace       used 70895K, committed 71744K, reserved 1114112K
  class space    used 9966K, committed 10368K, reserved 1048576K
}
Event: 51.506 GC heap before
{Heap before GC invocations=45 (full 0):
 garbage-first heap   total 335872K, used 128835K [0x0000000700000000, 0x0000000800000000)
  region size 2048K, 8 young (16384K), 1 survivors (2048K)
 Metaspace       used 71919K, committed 72768K, reserved 1114112K
  class space    used 10172K, committed 10624K, reserved 1048576K
}
Event: 51.512 GC heap after
{Heap after GC invocations=46 (full 0):
 garbage-first heap   total 335872K, used 118074K [0x0000000700000000, 0x0000000800000000)
  region size 2048K, 1 young (2048K), 1 survivors (2048K)
 Metaspace       used 71919K, committed 72768K, reserved 1114112K
  class space    used 10172K, committed 10624K, reserved 1048576K
}
Event: 54.714 GC heap before
{Heap before GC invocations=46 (full 0):
 garbage-first heap   total 335872K, used 251194K [0x0000000700000000, 0x0000000800000000)
  region size 2048K, 67 young (137216K), 1 survivors (2048K)
 Metaspace       used 79095K, committed 80000K, reserved 1179648K
  class space    used 11438K, committed 11904K, reserved 1048576K
}
Event: 54.737 GC heap after
{Heap after GC invocations=47 (full 0):
 garbage-first heap   total 335872K, used 134970K [0x0000000700000000, 0x0000000800000000)
  region size 2048K, 9 young (18432K), 9 survivors (18432K)
 Metaspace       used 79095K, committed 80000K, reserved 1179648K
  class space    used 11438K, committed 11904K, reserved 1048576K
}
Event: 56.627 GC heap before
{Heap before GC invocations=47 (full 0):
 garbage-first heap   total 335872K, used 245562K [0x0000000700000000, 0x0000000800000000)
  region size 2048K, 64 young (131072K), 9 survivors (18432K)
 Metaspace       used 84284K, committed 85184K, reserved 1179648K
  class space    used 12138K, committed 12608K, reserved 1048576K
}
Event: 56.644 GC heap after
{Heap after GC invocations=48 (full 0):
 garbage-first heap   total 335872K, used 140359K [0x0000000700000000, 0x0000000800000000)
  region size 2048K, 3 young (6144K), 3 survivors (6144K)
 Metaspace       used 84284K, committed 85184K, reserved 1179648K
  class space    used 12138K, committed 12608K, reserved 1048576K
}
Event: 57.833 GC heap before
{Heap before GC invocations=48 (full 0):
 garbage-first heap   total 335872K, used 257095K [0x0000000700000000, 0x0000000800000000)
  region size 2048K, 60 young (122880K), 3 survivors (6144K)
 Metaspace       used 84999K, committed 85888K, reserved 1179648K
  class space    used 12195K, committed 12672K, reserved 1048576K
}
Event: 57.839 GC heap after
{Heap after GC invocations=49 (full 0):
 garbage-first heap   total 335872K, used 139379K [0x0000000700000000, 0x0000000800000000)
  region size 2048K, 3 young (6144K), 3 survivors (6144K)
 Metaspace       used 84999K, committed 85888K, reserved 1179648K
  class space    used 12195K, committed 12672K, reserved 1048576K
}
Event: 58.674 GC heap before
{Heap before GC invocations=49 (full 0):
 garbage-first heap   total 335872K, used 266355K [0x0000000700000000, 0x0000000800000000)
  region size 2048K, 65 young (133120K), 3 survivors (6144K)
 Metaspace       used 85297K, committed 86208K, reserved 1179648K
  class space    used 12232K, committed 12672K, reserved 1048576K
}
Event: 58.682 GC heap after
{Heap after GC invocations=50 (full 0):
 garbage-first heap   total 335872K, used 141979K [0x0000000700000000, 0x0000000800000000)
  region size 2048K, 4 young (8192K), 4 survivors (8192K)
 Metaspace       used 85297K, committed 86208K, reserved 1179648K
  class space    used 12232K, committed 12672K, reserved 1048576K
}
Event: 59.491 GC heap before
{Heap before GC invocations=50 (full 0):
 garbage-first heap   total 335872K, used 273051K [0x0000000700000000, 0x0000000800000000)
  region size 2048K, 68 young (139264K), 4 survivors (8192K)
 Metaspace       used 85409K, committed 86272K, reserved 1179648K
  class space    used 12246K, committed 12672K, reserved 1048576K
}
Event: 59.503 GC heap after
{Heap after GC invocations=51 (full 0):
 garbage-first heap   total 335872K, used 144064K [0x0000000700000000, 0x0000000800000000)
  region size 2048K, 5 young (10240K), 5 survivors (10240K)
 Metaspace       used 85409K, committed 86272K, reserved 1179648K
  class space    used 12246K, committed 12672K, reserved 1048576K
}
Event: 60.163 GC heap before
{Heap before GC invocations=51 (full 0):
 garbage-first heap   total 335872K, used 273088K [0x0000000700000000, 0x0000000800000000)
  region size 2048K, 69 young (141312K), 5 survivors (10240K)
 Metaspace       used 85457K, committed 86336K, reserved 1179648K
  class space    used 12247K, committed 12672K, reserved 1048576K
}
Event: 60.176 GC heap after
{Heap after GC invocations=52 (full 0):
 garbage-first heap   total 335872K, used 146339K [0x0000000700000000, 0x0000000800000000)
  region size 2048K, 6 young (12288K), 6 survivors (12288K)
 Metaspace       used 85457K, committed 86336K, reserved 1179648K
  class space    used 12247K, committed 12672K, reserved 1048576K
}
Event: 60.881 GC heap before
{Heap before GC invocations=52 (full 0):
 garbage-first heap   total 335872K, used 279459K [0x0000000700000000, 0x0000000800000000)
  region size 2048K, 71 young (145408K), 6 survivors (12288K)
 Metaspace       used 85527K, committed 86400K, reserved 1179648K
  class space    used 12249K, committed 12672K, reserved 1048576K
}
Event: 60.902 GC heap after
{Heap after GC invocations=53 (full 0):
 garbage-first heap   total 421888K, used 149756K [0x0000000700000000, 0x0000000800000000)
  region size 2048K, 6 young (12288K), 6 survivors (12288K)
 Metaspace       used 85527K, committed 86400K, reserved 1179648K
  class space    used 12249K, committed 12672K, reserved 1048576K
}
Event: 62.010 GC heap before
{Heap before GC invocations=53 (full 0):
 garbage-first heap   total 421888K, used 344316K [0x0000000700000000, 0x0000000800000000)
  region size 2048K, 102 young (208896K), 6 survivors (12288K)
 Metaspace       used 85592K, committed 86464K, reserved 1179648K
  class space    used 12255K, committed 12672K, reserved 1048576K
}
Event: 62.027 GC heap after
{Heap after GC invocations=54 (full 0):
 garbage-first heap   total 421888K, used 156742K [0x0000000700000000, 0x0000000800000000)
  region size 2048K, 10 young (20480K), 10 survivors (20480K)
 Metaspace       used 85592K, committed 86464K, reserved 1179648K
  class space    used 12255K, committed 12672K, reserved 1048576K
}

